{"/home/travis/build/npmtest/node-npmtest-simple-peer/test.js":{"path":"/home/travis/build/npmtest/node-npmtest-simple-peer/test.js","s":{"1":2,"2":2,"3":2,"4":2,"5":2,"6":2,"7":2,"8":1,"9":2,"10":2,"11":1,"12":1,"13":1,"14":1,"15":2,"16":2,"17":2,"18":2,"19":1,"20":1,"21":2,"22":2,"23":2,"24":1,"25":1,"26":1,"27":1,"28":1,"29":1,"30":1,"31":1,"32":1,"33":1,"34":1,"35":1,"36":1,"37":1,"38":1,"39":2,"40":2,"41":1,"42":2,"43":2,"44":1,"45":2,"46":2,"47":1,"48":2,"49":2,"50":1,"51":1,"52":1,"53":1,"54":1},"b":{"1":[2,1,1,1],"2":[1,1,1,1],"3":[1,1],"4":[1,1],"5":[1,1],"6":[1,1],"7":[1,1],"8":[1,1],"9":[1,1],"10":[1,1,1],"11":[1,1],"12":[1,1],"13":[1,1],"14":[1,1],"15":[1,1],"16":[1,1],"17":[1,1]},"f":{"1":2,"2":2,"3":2,"4":2,"5":2,"6":1,"7":1,"8":1,"9":2,"10":2,"11":2,"12":2,"13":1},"fnMap":{"1":{"name":"(anonymous_1)","line":12,"loc":{"start":{"line":12,"column":1},"end":{"line":12,"column":13}}},"2":{"name":"(anonymous_2)","line":19,"loc":{"start":{"line":19,"column":5},"end":{"line":19,"column":17}}},"3":{"name":"(anonymous_3)","line":23,"loc":{"start":{"line":23,"column":24},"end":{"line":23,"column":36}}},"4":{"name":"(anonymous_4)","line":61,"loc":{"start":{"line":61,"column":5},"end":{"line":61,"column":17}}},"5":{"name":"(anonymous_5)","line":82,"loc":{"start":{"line":82,"column":5},"end":{"line":82,"column":17}}},"6":{"name":"(anonymous_6)","line":91,"loc":{"start":{"line":91,"column":77},"end":{"line":94,"column":10}}},"7":{"name":"(anonymous_7)","line":112,"loc":{"start":{"line":112,"column":83},"end":{"line":115,"column":10}},"skip":true},"8":{"name":"(anonymous_8)","line":123,"loc":{"start":{"line":123,"column":77},"end":{"line":126,"column":10}},"skip":true},"9":{"name":"(anonymous_9)","line":139,"loc":{"start":{"line":139,"column":12},"end":{"line":139,"column":40}},"skip":true},"10":{"name":"(anonymous_10)","line":147,"loc":{"start":{"line":147,"column":77},"end":{"line":150,"column":10}},"skip":true},"11":{"name":"(anonymous_11)","line":158,"loc":{"start":{"line":158,"column":83},"end":{"line":161,"column":10}},"skip":true},"12":{"name":"(anonymous_12)","line":169,"loc":{"start":{"line":169,"column":79},"end":{"line":172,"column":10}},"skip":true},"13":{"name":"(anonymous_13)","line":180,"loc":{"start":{"line":180,"column":75},"end":{"line":183,"column":10}},"skip":true}},"statementMap":{"1":{"start":{"line":12,"column":0},"end":{"line":195,"column":5}},"2":{"start":{"line":14,"column":4},"end":{"line":14,"column":14}},"3":{"start":{"line":19,"column":4},"end":{"line":56,"column":9}},"4":{"start":{"line":21,"column":8},"end":{"line":21,"column":19}},"5":{"start":{"line":23,"column":8},"end":{"line":35,"column":13}},"6":{"start":{"line":24,"column":12},"end":{"line":34,"column":13}},"7":{"start":{"line":25,"column":16},"end":{"line":28,"column":30}},"8":{"start":{"line":30,"column":16},"end":{"line":33,"column":27}},"9":{"start":{"line":37,"column":8},"end":{"line":39,"column":21}},"10":{"start":{"line":40,"column":8},"end":{"line":53,"column":9}},"11":{"start":{"line":43,"column":12},"end":{"line":46,"column":14}},"12":{"start":{"line":47,"column":12},"end":{"line":47,"column":18}},"13":{"start":{"line":50,"column":12},"end":{"line":51,"column":46}},"14":{"start":{"line":52,"column":12},"end":{"line":52,"column":18}},"15":{"start":{"line":55,"column":8},"end":{"line":55,"column":35}},"16":{"start":{"line":61,"column":4},"end":{"line":63,"column":9}},"17":{"start":{"line":62,"column":8},"end":{"line":62,"column":15}},"18":{"start":{"line":64,"column":4},"end":{"line":77,"column":5}},"19":{"start":{"line":70,"column":8},"end":{"line":70,"column":14}},"20":{"start":{"line":76,"column":8},"end":{"line":76,"column":14}},"21":{"start":{"line":82,"column":4},"end":{"line":84,"column":9}},"22":{"start":{"line":83,"column":8},"end":{"line":83,"column":15}},"23":{"start":{"line":85,"column":4},"end":{"line":194,"column":5}},"24":{"start":{"line":91,"column":8},"end":{"line":99,"column":10}},"25":{"start":{"line":98,"column":12},"end":{"line":98,"column":35}},"26":{"start":{"line":102,"column":8},"end":{"line":104,"column":63}},"27":{"start":{"line":105,"column":8},"end":{"line":105,"column":14}},"28":{"start":{"line":112,"column":8},"end":{"line":121,"column":10},"skip":true},"29":{"start":{"line":119,"column":12},"end":{"line":119,"column":55},"skip":true},"30":{"start":{"line":120,"column":12},"end":{"line":120,"column":48},"skip":true},"31":{"start":{"line":123,"column":8},"end":{"line":136,"column":10},"skip":true},"32":{"start":{"line":130,"column":12},"end":{"line":130,"column":76},"skip":true},"33":{"start":{"line":131,"column":12},"end":{"line":131,"column":73},"skip":true},"34":{"start":{"line":132,"column":12},"end":{"line":132,"column":74},"skip":true},"35":{"start":{"line":133,"column":12},"end":{"line":133,"column":79},"skip":true},"36":{"start":{"line":134,"column":12},"end":{"line":134,"column":25},"skip":true},"37":{"start":{"line":135,"column":12},"end":{"line":135,"column":45},"skip":true},"38":{"start":{"line":138,"column":8},"end":{"line":145,"column":14},"skip":true},"39":{"start":{"line":143,"column":16},"end":{"line":143,"column":29},"skip":true},"40":{"start":{"line":144,"column":16},"end":{"line":144,"column":55},"skip":true},"41":{"start":{"line":147,"column":8},"end":{"line":156,"column":10},"skip":true},"42":{"start":{"line":154,"column":12},"end":{"line":154,"column":25},"skip":true},"43":{"start":{"line":155,"column":12},"end":{"line":155,"column":45},"skip":true},"44":{"start":{"line":158,"column":8},"end":{"line":167,"column":10},"skip":true},"45":{"start":{"line":165,"column":12},"end":{"line":165,"column":25},"skip":true},"46":{"start":{"line":166,"column":12},"end":{"line":166,"column":48},"skip":true},"47":{"start":{"line":169,"column":8},"end":{"line":178,"column":10},"skip":true},"48":{"start":{"line":176,"column":12},"end":{"line":176,"column":25},"skip":true},"49":{"start":{"line":177,"column":12},"end":{"line":177,"column":46},"skip":true},"50":{"start":{"line":180,"column":8},"end":{"line":189,"column":10},"skip":true},"51":{"start":{"line":187,"column":12},"end":{"line":187,"column":94},"skip":true},"52":{"start":{"line":188,"column":12},"end":{"line":188,"column":48},"skip":true},"53":{"start":{"line":192,"column":8},"end":{"line":192,"column":35},"skip":true},"54":{"start":{"line":193,"column":8},"end":{"line":193,"column":14},"skip":true}},"branchMap":{"1":{"line":25,"type":"binary-expr","locations":[{"start":{"line":25,"column":23},"end":{"line":25,"column":62}},{"start":{"line":26,"column":20},"end":{"line":26,"column":70}},{"start":{"line":27,"column":20},"end":{"line":27,"column":71}},{"start":{"line":28,"column":20},"end":{"line":28,"column":29}}]},"2":{"line":30,"type":"binary-expr","locations":[{"start":{"line":30,"column":23},"end":{"line":30,"column":37}},{"start":{"line":31,"column":20},"end":{"line":31,"column":61}},{"start":{"line":32,"column":20},"end":{"line":32,"column":70}},{"start":{"line":33,"column":20},"end":{"line":33,"column":26}}]},"3":{"line":37,"type":"cond-expr","locations":[{"start":{"line":38,"column":14},"end":{"line":38,"column":20}},{"start":{"line":39,"column":14},"end":{"line":39,"column":20}}]},"4":{"line":40,"type":"switch","locations":[{"start":{"line":42,"column":8},"end":{"line":47,"column":18}},{"start":{"line":49,"column":8},"end":{"line":52,"column":18}}]},"5":{"line":44,"type":"binary-expr","locations":[{"start":{"line":44,"column":16},"end":{"line":44,"column":44}},{"start":{"line":44,"column":48},"end":{"line":44,"column":66}}]},"6":{"line":50,"type":"binary-expr","locations":[{"start":{"line":50,"column":21},"end":{"line":50,"column":49}},{"start":{"line":50,"column":53},"end":{"line":50,"column":72}}]},"7":{"line":64,"type":"switch","locations":[{"start":{"line":69,"column":4},"end":{"line":70,"column":14}},{"start":{"line":75,"column":4},"end":{"line":76,"column":14}}]},"8":{"line":85,"type":"switch","locations":[{"start":{"line":90,"column":4},"end":{"line":105,"column":14}},{"start":{"line":111,"column":4},"end":{"line":193,"column":14},"skip":true}]},"9":{"line":91,"type":"binary-expr","locations":[{"start":{"line":91,"column":42},"end":{"line":91,"column":73}},{"start":{"line":91,"column":77},"end":{"line":99,"column":9}}]},"10":{"line":102,"type":"binary-expr","locations":[{"start":{"line":102,"column":18},"end":{"line":102,"column":32}},{"start":{"line":103,"column":12},"end":{"line":103,"column":53}},{"start":{"line":104,"column":12},"end":{"line":104,"column":61}}]},"11":{"line":112,"type":"binary-expr","locations":[{"start":{"line":112,"column":45},"end":{"line":112,"column":79},"skip":true},{"start":{"line":112,"column":83},"end":{"line":121,"column":9},"skip":true}]},"12":{"line":123,"type":"binary-expr","locations":[{"start":{"line":123,"column":42},"end":{"line":123,"column":73},"skip":true},{"start":{"line":123,"column":77},"end":{"line":136,"column":9},"skip":true}]},"13":{"line":138,"type":"binary-expr","locations":[{"start":{"line":138,"column":48},"end":{"line":138,"column":85},"skip":true},{"start":{"line":139,"column":12},"end":{"line":145,"column":13},"skip":true}]},"14":{"line":147,"type":"binary-expr","locations":[{"start":{"line":147,"column":42},"end":{"line":147,"column":73},"skip":true},{"start":{"line":147,"column":77},"end":{"line":156,"column":9},"skip":true}]},"15":{"line":158,"type":"binary-expr","locations":[{"start":{"line":158,"column":45},"end":{"line":158,"column":79},"skip":true},{"start":{"line":158,"column":83},"end":{"line":167,"column":9},"skip":true}]},"16":{"line":169,"type":"binary-expr","locations":[{"start":{"line":169,"column":43},"end":{"line":169,"column":75},"skip":true},{"start":{"line":169,"column":79},"end":{"line":178,"column":9},"skip":true}]},"17":{"line":180,"type":"binary-expr","locations":[{"start":{"line":180,"column":41},"end":{"line":180,"column":71},"skip":true},{"start":{"line":180,"column":75},"end":{"line":189,"column":9},"skip":true}]}},"code":["/* istanbul instrument in package npmtest_simple_peer */","/*jslint","    bitwise: true,","    browser: true,","    maxerr: 8,","    maxlen: 96,","    node: true,","    nomen: true,","    regexp: true,","    stupid: true","*/","(function () {","    'use strict';","    var local;","","","","    // run shared js-env code - pre-init","    (function () {","        // init local","        local = {};","        // init modeJs","        local.modeJs = (function () {","            try {","                return typeof navigator.userAgent === 'string' &&","                    typeof document.querySelector('body') === 'object' &&","                    typeof XMLHttpRequest.prototype.open === 'function' &&","                    'browser';","            } catch (errorCaughtBrowser) {","                return module.exports &&","                    typeof process.versions.node === 'string' &&","                    typeof require('http').createServer === 'function' &&","                    'node';","            }","        }());","        // init global","        local.global = local.modeJs === 'browser'","            ? window","            : global;","        switch (local.modeJs) {","        // re-init local from window.local","        case 'browser':","            local = local.global.utility2.objectSetDefault(","                local.global.utility2_rollup || local.global.local,","                local.global.utility2","            );","            break;","        // re-init local from example.js","        case 'node':","            local = (local.global.utility2_rollup || require('utility2'))","                .requireExampleJsFromReadme();","            break;","        }","        // export local","        local.global.local = local;","    }());","","","","    // run shared js-env code - function","    (function () {","        return;","    }());","    switch (local.modeJs) {","","","","    // run browser js-env code - function","    case 'browser':","        break;","","","","    // run node js-env code - function","    case 'node':","        break;","    }","","","","    // run shared js-env code - post-init","    (function () {","        return;","    }());","    switch (local.modeJs) {","","","","    // run browser js-env code - post-init","    case 'browser':","        local.testCase_browser_nullCase = local.testCase_browser_nullCase || function (","            options,","            onError","        ) {","        /*","         * this function will test browsers's null-case handling-behavior-behavior","         */","            onError(null, options);","        };","","        // run tests","        local.nop(local.modeTest &&","            document.querySelector('#testRunButton1') &&","            document.querySelector('#testRunButton1').click());","        break;","","","","    // run node js-env code - post-init","    /* istanbul ignore next */","    case 'node':","        local.testCase_buildApidoc_default = local.testCase_buildApidoc_default || function (","            options,","            onError","        ) {","        /*","         * this function will test buildApidoc's default handling-behavior-behavior","         */","            options = { modulePathList: module.paths };","            local.buildApidoc(options, onError);","        };","","        local.testCase_buildApp_default = local.testCase_buildApp_default || function (","            options,","            onError","        ) {","        /*","         * this function will test buildApp's default handling-behavior-behavior","         */","            local.testCase_buildReadme_default(options, local.onErrorThrow);","            local.testCase_buildLib_default(options, local.onErrorThrow);","            local.testCase_buildTest_default(options, local.onErrorThrow);","            local.testCase_buildCustomOrg_default(options, local.onErrorThrow);","            options = [];","            local.buildApp(options, onError);","        };","","        local.testCase_buildCustomOrg_default = local.testCase_buildCustomOrg_default ||","            function (options, onError) {","            /*","             * this function will test buildCustomOrg's default handling-behavior","             */","                options = {};","                local.buildCustomOrg(options, onError);","            };","","        local.testCase_buildLib_default = local.testCase_buildLib_default || function (","            options,","            onError","        ) {","        /*","         * this function will test buildLib's default handling-behavior","         */","            options = {};","            local.buildLib(options, onError);","        };","","        local.testCase_buildReadme_default = local.testCase_buildReadme_default || function (","            options,","            onError","        ) {","        /*","         * this function will test buildReadme's default handling-behavior-behavior","         */","            options = {};","            local.buildReadme(options, onError);","        };","","        local.testCase_buildTest_default = local.testCase_buildTest_default || function (","            options,","            onError","        ) {","        /*","         * this function will test buildTest's default handling-behavior","         */","            options = {};","            local.buildTest(options, onError);","        };","","        local.testCase_webpage_default = local.testCase_webpage_default || function (","            options,","            onError","        ) {","        /*","         * this function will test webpage's default handling-behavior","         */","            options = { modeCoverageMerge: true, url: local.serverLocalHost + '?modeTest=1' };","            local.browserTest(options, onError);","        };","","        // run test-server","        local.testRunServer(local);","        break;","    }","}());",""],"l":{"12":2,"14":2,"19":2,"21":2,"23":2,"24":2,"25":2,"30":1,"37":2,"40":2,"43":1,"47":1,"50":1,"52":1,"55":2,"61":2,"62":2,"64":2,"70":1,"76":1,"82":2,"83":2,"85":2,"91":1,"98":1,"102":1,"105":1,"112":1,"119":1,"120":1,"123":1,"130":1,"131":1,"132":1,"133":1,"134":1,"135":1,"138":1,"143":2,"144":2,"147":1,"154":2,"155":2,"158":1,"165":2,"166":2,"169":1,"176":2,"177":2,"180":1,"187":1,"188":1,"192":1,"193":1}},"/home/travis/build/npmtest/node-npmtest-simple-peer/lib.npmtest_simple_peer.js":{"path":"/home/travis/build/npmtest/node-npmtest-simple-peer/lib.npmtest_simple_peer.js","s":{"1":2,"2":2,"3":2,"4":2,"5":2,"6":2,"7":2,"8":1,"9":2,"10":2,"11":2,"12":2,"13":1,"14":1,"15":1,"16":1},"b":{"1":[2,1,1,1],"2":[1,1,1,1],"3":[1,1],"4":[2,2],"5":[1,1]},"f":{"1":2,"2":2,"3":2},"fnMap":{"1":{"name":"(anonymous_1)","line":12,"loc":{"start":{"line":12,"column":1},"end":{"line":12,"column":13}}},"2":{"name":"(anonymous_2)","line":19,"loc":{"start":{"line":19,"column":5},"end":{"line":19,"column":17}}},"3":{"name":"(anonymous_3)","line":23,"loc":{"start":{"line":23,"column":24},"end":{"line":23,"column":36}}}},"statementMap":{"1":{"start":{"line":12,"column":0},"end":{"line":53,"column":5}},"2":{"start":{"line":14,"column":4},"end":{"line":14,"column":14}},"3":{"start":{"line":19,"column":4},"end":{"line":52,"column":9}},"4":{"start":{"line":21,"column":8},"end":{"line":21,"column":19}},"5":{"start":{"line":23,"column":8},"end":{"line":35,"column":13}},"6":{"start":{"line":24,"column":12},"end":{"line":34,"column":13}},"7":{"start":{"line":25,"column":16},"end":{"line":28,"column":30}},"8":{"start":{"line":30,"column":16},"end":{"line":33,"column":27}},"9":{"start":{"line":37,"column":8},"end":{"line":39,"column":21}},"10":{"start":{"line":41,"column":8},"end":{"line":41,"column":54}},"11":{"start":{"line":43,"column":8},"end":{"line":43,"column":56}},"12":{"start":{"line":45,"column":8},"end":{"line":51,"column":9}},"13":{"start":{"line":46,"column":12},"end":{"line":46,"column":62}},"14":{"start":{"line":48,"column":12},"end":{"line":48,"column":35}},"15":{"start":{"line":49,"column":12},"end":{"line":49,"column":49}},"16":{"start":{"line":50,"column":12},"end":{"line":50,"column":43}}},"branchMap":{"1":{"line":25,"type":"binary-expr","locations":[{"start":{"line":25,"column":23},"end":{"line":25,"column":62}},{"start":{"line":26,"column":20},"end":{"line":26,"column":70}},{"start":{"line":27,"column":20},"end":{"line":27,"column":71}},{"start":{"line":28,"column":20},"end":{"line":28,"column":29}}]},"2":{"line":30,"type":"binary-expr","locations":[{"start":{"line":30,"column":23},"end":{"line":30,"column":37}},{"start":{"line":31,"column":20},"end":{"line":31,"column":61}},{"start":{"line":32,"column":20},"end":{"line":32,"column":70}},{"start":{"line":33,"column":20},"end":{"line":33,"column":26}}]},"3":{"line":37,"type":"cond-expr","locations":[{"start":{"line":38,"column":14},"end":{"line":38,"column":20}},{"start":{"line":39,"column":14},"end":{"line":39,"column":20}}]},"4":{"line":41,"type":"binary-expr","locations":[{"start":{"line":41,"column":16},"end":{"line":41,"column":44}},{"start":{"line":41,"column":48},"end":{"line":41,"column":53}}]},"5":{"line":45,"type":"if","locations":[{"start":{"line":45,"column":8},"end":{"line":45,"column":8}},{"start":{"line":45,"column":8},"end":{"line":45,"column":8}}]}},"code":["/* istanbul instrument in package npmtest_simple_peer */","/*jslint","    bitwise: true,","    browser: true,","    maxerr: 8,","    maxlen: 96,","    node: true,","    nomen: true,","    regexp: true,","    stupid: true","*/","(function () {","    'use strict';","    var local;","","","","    // run shared js-env code - pre-init","    (function () {","        // init local","        local = {};","        // init modeJs","        local.modeJs = (function () {","            try {","                return typeof navigator.userAgent === 'string' &&","                    typeof document.querySelector('body') === 'object' &&","                    typeof XMLHttpRequest.prototype.open === 'function' &&","                    'browser';","            } catch (errorCaughtBrowser) {","                return module.exports &&","                    typeof process.versions.node === 'string' &&","                    typeof require('http').createServer === 'function' &&","                    'node';","            }","        }());","        // init global","        local.global = local.modeJs === 'browser'","            ? window","            : global;","        // init utility2_rollup","        local = local.global.utility2_rollup || local;","        // init lib","        local.local = local.npmtest_simple_peer = local;","        // init exports","        if (local.modeJs === 'browser') {","            local.global.utility2_npmtest_simple_peer = local;","        } else {","            module.exports = local;","            module.exports.__dirname = __dirname;","            module.exports.module = module;","        }","    }());","}());",""],"l":{"12":2,"14":2,"19":2,"21":2,"23":2,"24":2,"25":2,"30":1,"37":2,"41":2,"43":2,"45":2,"46":1,"48":1,"49":1,"50":1}},"/home/travis/build/npmtest/node-npmtest-simple-peer/example.js":{"path":"/home/travis/build/npmtest/node-npmtest-simple-peer/example.js","s":{"1":2,"2":2,"3":2,"4":2,"5":2,"6":2,"7":2,"8":1,"9":2,"10":2,"11":2,"12":2,"13":1,"14":2,"15":2,"16":2,"17":2,"18":2,"19":0,"20":2,"21":1,"22":1,"23":1,"24":1,"25":1,"26":0,"27":0,"28":1,"29":1,"30":2,"31":0,"32":0,"33":0,"34":1,"35":2,"36":2,"37":3,"38":3,"39":3,"40":3,"41":0,"42":3,"43":3,"44":3,"45":1,"46":3,"47":1,"48":1,"49":1,"50":1,"51":1,"52":1,"53":1,"54":1,"55":1,"56":1,"57":0,"58":1,"59":6,"60":6,"61":1,"62":2,"63":0,"64":2,"65":1,"66":1,"67":0,"68":0,"69":0,"70":0,"71":0,"72":0,"73":0,"74":0,"75":0,"76":0,"77":0,"78":0,"79":0,"80":0,"81":0,"82":0,"83":0},"b":{"1":[2,1,1,1],"2":[1,1,1,1],"3":[1,1],"4":[2,2],"5":[1,1],"6":[1,1],"7":[2,0],"8":[2,1,1,1,1,1],"9":[0,2,0],"10":[1,1],"11":[2,1,1],"12":[1,0],"13":[0,2],"14":[2,0,0,0,0,0,0],"15":[0,3],"16":[3,0],"17":[1,1],"18":[0,1],"19":[1,2,0,2],"20":[1,0],"21":[1,1],"22":[0,0],"23":[0,0],"24":[0,0],"25":[0,0],"26":[0,0],"27":[0,0],"28":[0,0]},"f":{"1":2,"2":2,"3":2,"4":2,"5":2,"6":2,"7":3,"8":3,"9":3,"10":1,"11":6,"12":0},"fnMap":{"1":{"name":"(anonymous_1)","line":26,"loc":{"start":{"line":26,"column":1},"end":{"line":26,"column":13}}},"2":{"name":"(anonymous_2)","line":33,"loc":{"start":{"line":33,"column":5},"end":{"line":33,"column":17}}},"3":{"name":"(anonymous_3)","line":37,"loc":{"start":{"line":37,"column":24},"end":{"line":37,"column":36}}},"4":{"name":"(anonymous_4)","line":69,"loc":{"start":{"line":69,"column":31},"end":{"line":69,"column":48}},"skip":true},"5":{"name":"(anonymous_5)","line":78,"loc":{"start":{"line":78,"column":26},"end":{"line":78,"column":45}},"skip":true},"6":{"name":"(anonymous_6)","line":123,"loc":{"start":{"line":123,"column":33},"end":{"line":123,"column":48}},"skip":true},"7":{"name":"(anonymous_7)","line":125,"loc":{"start":{"line":125,"column":27},"end":{"line":125,"column":39}},"skip":true},"8":{"name":"(anonymous_8)","line":133,"loc":{"start":{"line":133,"column":59},"end":{"line":133,"column":74}},"skip":true},"9":{"name":"(anonymous_9)","line":143,"loc":{"start":{"line":143,"column":45},"end":{"line":143,"column":62}},"skip":true},"10":{"name":"(anonymous_10)","line":144,"loc":{"start":{"line":144,"column":73},"end":{"line":144,"column":92}},"skip":true},"11":{"name":"(anonymous_11)","line":272,"loc":{"start":{"line":272,"column":51},"end":{"line":272,"column":77}},"skip":true},"12":{"name":"(anonymous_12)","line":315,"loc":{"start":{"line":315,"column":32},"end":{"line":315,"column":61}},"skip":true}},"statementMap":{"1":{"start":{"line":26,"column":0},"end":{"line":326,"column":5}},"2":{"start":{"line":28,"column":4},"end":{"line":28,"column":14}},"3":{"start":{"line":33,"column":4},"end":{"line":60,"column":9}},"4":{"start":{"line":35,"column":8},"end":{"line":35,"column":19}},"5":{"start":{"line":37,"column":8},"end":{"line":49,"column":13}},"6":{"start":{"line":38,"column":12},"end":{"line":48,"column":13}},"7":{"start":{"line":39,"column":16},"end":{"line":42,"column":30}},"8":{"start":{"line":44,"column":16},"end":{"line":47,"column":27}},"9":{"start":{"line":51,"column":8},"end":{"line":53,"column":21}},"10":{"start":{"line":55,"column":8},"end":{"line":57,"column":45}},"11":{"start":{"line":59,"column":8},"end":{"line":59,"column":35}},"12":{"start":{"line":61,"column":4},"end":{"line":325,"column":5}},"13":{"start":{"line":69,"column":8},"end":{"line":121,"column":10},"skip":true},"14":{"start":{"line":70,"column":12},"end":{"line":88,"column":13},"skip":true},"15":{"start":{"line":76,"column":16},"end":{"line":87,"column":19},"skip":true},"16":{"start":{"line":79,"column":20},"end":{"line":86,"column":21},"skip":true},"17":{"start":{"line":82,"column":24},"end":{"line":82,"column":43},"skip":true},"18":{"start":{"line":83,"column":24},"end":{"line":83,"column":30},"skip":true},"19":{"start":{"line":85,"column":24},"end":{"line":85,"column":49},"skip":true},"20":{"start":{"line":89,"column":12},"end":{"line":107,"column":13},"skip":true},"21":{"start":{"line":92,"column":16},"end":{"line":102,"column":17},"skip":true},"22":{"start":{"line":93,"column":20},"end":{"line":93,"column":86},"skip":true},"23":{"start":{"line":94,"column":20},"end":{"line":95,"column":45},"skip":true},"24":{"start":{"line":96,"column":20},"end":{"line":96,"column":42},"skip":true},"25":{"start":{"line":97,"column":20},"end":{"line":97,"column":48},"skip":true},"26":{"start":{"line":100,"column":20},"end":{"line":100,"column":85},"skip":true},"27":{"start":{"line":101,"column":20},"end":{"line":101,"column":96},"skip":true},"28":{"start":{"line":103,"column":16},"end":{"line":103,"column":22},"skip":true},"29":{"start":{"line":106,"column":16},"end":{"line":106,"column":22},"skip":true},"30":{"start":{"line":108,"column":12},"end":{"line":120,"column":13},"skip":true},"31":{"start":{"line":114,"column":16},"end":{"line":119,"column":17},"skip":true},"32":{"start":{"line":116,"column":20},"end":{"line":116,"column":78},"skip":true},"33":{"start":{"line":118,"column":20},"end":{"line":118,"column":47},"skip":true},"34":{"start":{"line":123,"column":8},"end":{"line":141,"column":11},"skip":true},"35":{"start":{"line":124,"column":12},"end":{"line":124,"column":54},"skip":true},"36":{"start":{"line":125,"column":12},"end":{"line":140,"column":14},"skip":true},"37":{"start":{"line":126,"column":16},"end":{"line":126,"column":28},"skip":true},"38":{"start":{"line":127,"column":16},"end":{"line":127,"column":69},"skip":true},"39":{"start":{"line":128,"column":16},"end":{"line":128,"column":75},"skip":true},"40":{"start":{"line":129,"column":16},"end":{"line":131,"column":17},"skip":true},"41":{"start":{"line":130,"column":20},"end":{"line":130,"column":27},"skip":true},"42":{"start":{"line":133,"column":16},"end":{"line":137,"column":36},"skip":true},"43":{"start":{"line":134,"column":20},"end":{"line":136,"column":55},"skip":true},"44":{"start":{"line":139,"column":16},"end":{"line":139,"column":57},"skip":true},"45":{"start":{"line":143,"column":8},"end":{"line":147,"column":11},"skip":true},"46":{"start":{"line":144,"column":12},"end":{"line":146,"column":15},"skip":true},"47":{"start":{"line":145,"column":16},"end":{"line":145,"column":70},"skip":true},"48":{"start":{"line":149,"column":8},"end":{"line":149,"column":31},"skip":true},"49":{"start":{"line":150,"column":8},"end":{"line":150,"column":14},"skip":true},"50":{"start":{"line":158,"column":8},"end":{"line":158,"column":31},"skip":true},"51":{"start":{"line":160,"column":8},"end":{"line":160,"column":33},"skip":true},"52":{"start":{"line":161,"column":8},"end":{"line":161,"column":37},"skip":true},"53":{"start":{"line":162,"column":8},"end":{"line":162,"column":35},"skip":true},"54":{"start":{"line":164,"column":8},"end":{"line":164,"column":50},"skip":true},"55":{"start":{"line":166,"column":8},"end":{"line":256,"column":2},"skip":true},"56":{"start":{"line":258,"column":8},"end":{"line":286,"column":9},"skip":true},"57":{"start":{"line":259,"column":12},"end":{"line":269,"column":14},"skip":true},"58":{"start":{"line":271,"column":12},"end":{"line":285,"column":19},"skip":true},"59":{"start":{"line":274,"column":20},"end":{"line":274,"column":35},"skip":true},"60":{"start":{"line":275,"column":20},"end":{"line":284,"column":21},"skip":true},"61":{"start":{"line":277,"column":24},"end":{"line":277,"column":64},"skip":true},"62":{"start":{"line":279,"column":24},"end":{"line":279,"column":40},"skip":true},"63":{"start":{"line":281,"column":24},"end":{"line":281,"column":40},"skip":true},"64":{"start":{"line":283,"column":24},"end":{"line":283,"column":39},"skip":true},"65":{"start":{"line":288,"column":8},"end":{"line":290,"column":9},"skip":true},"66":{"start":{"line":289,"column":12},"end":{"line":289,"column":18},"skip":true},"67":{"start":{"line":291,"column":8},"end":{"line":293,"column":54},"skip":true},"68":{"start":{"line":296,"column":8},"end":{"line":301,"column":37},"skip":true},"69":{"start":{"line":303,"column":8},"end":{"line":303,"column":82},"skip":true},"70":{"start":{"line":306,"column":8},"end":{"line":308,"column":9},"skip":true},"71":{"start":{"line":307,"column":12},"end":{"line":307,"column":82},"skip":true},"72":{"start":{"line":310,"column":8},"end":{"line":312,"column":9},"skip":true},"73":{"start":{"line":311,"column":12},"end":{"line":311,"column":18},"skip":true},"74":{"start":{"line":313,"column":8},"end":{"line":313,"column":54},"skip":true},"75":{"start":{"line":314,"column":8},"end":{"line":314,"column":69},"skip":true},"76":{"start":{"line":315,"column":8},"end":{"line":323,"column":36},"skip":true},"77":{"start":{"line":316,"column":12},"end":{"line":316,"column":61},"skip":true},"78":{"start":{"line":317,"column":12},"end":{"line":320,"column":13},"skip":true},"79":{"start":{"line":318,"column":16},"end":{"line":318,"column":75},"skip":true},"80":{"start":{"line":319,"column":16},"end":{"line":319,"column":23},"skip":true},"81":{"start":{"line":321,"column":12},"end":{"line":321,"column":38},"skip":true},"82":{"start":{"line":322,"column":12},"end":{"line":322,"column":27},"skip":true},"83":{"start":{"line":324,"column":8},"end":{"line":324,"column":14},"skip":true}},"branchMap":{"1":{"line":39,"type":"binary-expr","locations":[{"start":{"line":39,"column":23},"end":{"line":39,"column":62}},{"start":{"line":40,"column":20},"end":{"line":40,"column":70}},{"start":{"line":41,"column":20},"end":{"line":41,"column":71}},{"start":{"line":42,"column":20},"end":{"line":42,"column":29}}]},"2":{"line":44,"type":"binary-expr","locations":[{"start":{"line":44,"column":23},"end":{"line":44,"column":37}},{"start":{"line":45,"column":20},"end":{"line":45,"column":61}},{"start":{"line":46,"column":20},"end":{"line":46,"column":70}},{"start":{"line":47,"column":20},"end":{"line":47,"column":26}}]},"3":{"line":51,"type":"cond-expr","locations":[{"start":{"line":52,"column":14},"end":{"line":52,"column":20}},{"start":{"line":53,"column":14},"end":{"line":53,"column":20}}]},"4":{"line":55,"type":"binary-expr","locations":[{"start":{"line":55,"column":16},"end":{"line":55,"column":44}},{"start":{"line":55,"column":49},"end":{"line":57,"column":43}}]},"5":{"line":55,"type":"cond-expr","locations":[{"start":{"line":56,"column":14},"end":{"line":56,"column":55}},{"start":{"line":57,"column":14},"end":{"line":57,"column":43}}]},"6":{"line":61,"type":"switch","locations":[{"start":{"line":68,"column":4},"end":{"line":150,"column":14},"skip":true},{"start":{"line":156,"column":4},"end":{"line":324,"column":14},"skip":true}]},"7":{"line":70,"type":"if","locations":[{"start":{"line":70,"column":12},"end":{"line":70,"column":12},"skip":true},{"start":{"line":70,"column":12},"end":{"line":70,"column":12},"skip":true}]},"8":{"line":70,"type":"binary-expr","locations":[{"start":{"line":70,"column":16},"end":{"line":70,"column":22},"skip":true},{"start":{"line":70,"column":27},"end":{"line":70,"column":32},"skip":true},{"start":{"line":71,"column":20},"end":{"line":71,"column":39},"skip":true},{"start":{"line":72,"column":20},"end":{"line":72,"column":49},"skip":true},{"start":{"line":73,"column":20},"end":{"line":73,"column":58},"skip":true},{"start":{"line":74,"column":20},"end":{"line":74,"column":69},"skip":true}]},"9":{"line":79,"type":"switch","locations":[{"start":{"line":80,"column":20},"end":{"line":80,"column":33},"skip":true},{"start":{"line":81,"column":20},"end":{"line":83,"column":30},"skip":true},{"start":{"line":84,"column":20},"end":{"line":85,"column":49},"skip":true}]},"10":{"line":89,"type":"switch","locations":[{"start":{"line":90,"column":12},"end":{"line":103,"column":22},"skip":true},{"start":{"line":105,"column":12},"end":{"line":106,"column":22},"skip":true}]},"11":{"line":89,"type":"binary-expr","locations":[{"start":{"line":89,"column":20},"end":{"line":89,"column":25},"skip":true},{"start":{"line":89,"column":29},"end":{"line":89,"column":48},"skip":true},{"start":{"line":89,"column":52},"end":{"line":89,"column":74},"skip":true}]},"12":{"line":92,"type":"if","locations":[{"start":{"line":92,"column":16},"end":{"line":92,"column":16},"skip":true},{"start":{"line":92,"column":16},"end":{"line":92,"column":16},"skip":true}]},"13":{"line":108,"type":"if","locations":[{"start":{"line":108,"column":12},"end":{"line":108,"column":12},"skip":true},{"start":{"line":108,"column":12},"end":{"line":108,"column":12},"skip":true}]},"14":{"line":108,"type":"binary-expr","locations":[{"start":{"line":108,"column":16},"end":{"line":108,"column":61},"skip":true},{"start":{"line":108,"column":66},"end":{"line":108,"column":72},"skip":true},{"start":{"line":108,"column":77},"end":{"line":108,"column":82},"skip":true},{"start":{"line":109,"column":20},"end":{"line":109,"column":39},"skip":true},{"start":{"line":110,"column":20},"end":{"line":110,"column":49},"skip":true},{"start":{"line":111,"column":20},"end":{"line":111,"column":58},"skip":true},{"start":{"line":112,"column":20},"end":{"line":112,"column":68},"skip":true}]},"15":{"line":129,"type":"if","locations":[{"start":{"line":129,"column":16},"end":{"line":129,"column":16},"skip":true},{"start":{"line":129,"column":16},"end":{"line":129,"column":16},"skip":true}]},"16":{"line":134,"type":"cond-expr","locations":[{"start":{"line":135,"column":26},"end":{"line":135,"column":29},"skip":true},{"start":{"line":136,"column":26},"end":{"line":136,"column":54},"skip":true}]},"17":{"line":164,"type":"binary-expr","locations":[{"start":{"line":164,"column":27},"end":{"line":164,"column":43},"skip":true},{"start":{"line":164,"column":47},"end":{"line":164,"column":49},"skip":true}]},"18":{"line":258,"type":"if","locations":[{"start":{"line":258,"column":8},"end":{"line":258,"column":8},"skip":true},{"start":{"line":258,"column":8},"end":{"line":258,"column":8},"skip":true}]},"19":{"line":275,"type":"switch","locations":[{"start":{"line":276,"column":20},"end":{"line":277,"column":64},"skip":true},{"start":{"line":278,"column":20},"end":{"line":279,"column":40},"skip":true},{"start":{"line":280,"column":20},"end":{"line":281,"column":40},"skip":true},{"start":{"line":282,"column":20},"end":{"line":283,"column":39},"skip":true}]},"20":{"line":288,"type":"if","locations":[{"start":{"line":288,"column":8},"end":{"line":288,"column":8},"skip":true},{"start":{"line":288,"column":8},"end":{"line":288,"column":8},"skip":true}]},"21":{"line":288,"type":"binary-expr","locations":[{"start":{"line":288,"column":12},"end":{"line":288,"column":40},"skip":true},{"start":{"line":288,"column":44},"end":{"line":288,"column":67},"skip":true}]},"22":{"line":292,"type":"binary-expr","locations":[{"start":{"line":292,"column":12},"end":{"line":292,"column":50},"skip":true},{"start":{"line":293,"column":12},"end":{"line":293,"column":53},"skip":true}]},"23":{"line":297,"type":"binary-expr","locations":[{"start":{"line":297,"column":12},"end":{"line":297,"column":69},"skip":true},{"start":{"line":298,"column":12},"end":{"line":301,"column":36},"skip":true}]},"24":{"line":303,"type":"binary-expr","locations":[{"start":{"line":303,"column":43},"end":{"line":303,"column":75},"skip":true},{"start":{"line":303,"column":79},"end":{"line":303,"column":81},"skip":true}]},"25":{"line":306,"type":"if","locations":[{"start":{"line":306,"column":8},"end":{"line":306,"column":8},"skip":true},{"start":{"line":306,"column":8},"end":{"line":306,"column":8},"skip":true}]},"26":{"line":310,"type":"if","locations":[{"start":{"line":310,"column":8},"end":{"line":310,"column":8},"skip":true},{"start":{"line":310,"column":8},"end":{"line":310,"column":8},"skip":true}]},"27":{"line":313,"type":"binary-expr","locations":[{"start":{"line":313,"column":27},"end":{"line":313,"column":43},"skip":true},{"start":{"line":313,"column":47},"end":{"line":313,"column":53},"skip":true}]},"28":{"line":317,"type":"if","locations":[{"start":{"line":317,"column":12},"end":{"line":317,"column":12},"skip":true},{"start":{"line":317,"column":12},"end":{"line":317,"column":12},"skip":true}]}},"code":["/*","example.js","","quickstart example","","instruction","    1. save this script as example.js","    2. run the shell command:","        $ npm install npmtest-simple-peer && PORT=8081 node example.js","    3. play with the browser-demo on http://127.0.0.1:8081","*/","","","","/* istanbul instrument in package npmtest_simple_peer */","/*jslint","    bitwise: true,","    browser: true,","    maxerr: 8,","    maxlen: 96,","    node: true,","    nomen: true,","    regexp: true,","    stupid: true","*/","(function () {","    'use strict';","    var local;","","","","    // run shared js-env code - pre-init","    (function () {","        // init local","        local = {};","        // init modeJs","        local.modeJs = (function () {","            try {","                return typeof navigator.userAgent === 'string' &&","                    typeof document.querySelector('body') === 'object' &&","                    typeof XMLHttpRequest.prototype.open === 'function' &&","                    'browser';","            } catch (errorCaughtBrowser) {","                return module.exports &&","                    typeof process.versions.node === 'string' &&","                    typeof require('http').createServer === 'function' &&","                    'node';","            }","        }());","        // init global","        local.global = local.modeJs === 'browser'","            ? window","            : global;","        // init utility2_rollup","        local = local.global.utility2_rollup || (local.modeJs === 'browser'","            ? local.global.utility2_npmtest_simple_peer","            : global.utility2_moduleExports);","        // export local","        local.global.local = local;","    }());","    switch (local.modeJs) {","","","","    // post-init","    // run browser js-env code - post-init","    /* istanbul ignore next */","    case 'browser':","        local.testRunBrowser = function (event) {","            if (!event || (event &&","                    event.currentTarget &&","                    event.currentTarget.className &&","                    event.currentTarget.className.includes &&","                    event.currentTarget.className.includes('onreset'))) {","                // reset output","                Array.from(","                    document.querySelectorAll('body > .resettable')","                ).forEach(function (element) {","                    switch (element.tagName) {","                    case 'INPUT':","                    case 'TEXTAREA':","                        element.value = '';","                        break;","                    default:","                        element.textContent = '';","                    }","                });","            }","            switch (event && event.currentTarget && event.currentTarget.id) {","            case 'testRunButton1':","                // show tests","                if (document.querySelector('#testReportDiv1').style.display === 'none') {","                    document.querySelector('#testReportDiv1').style.display = 'block';","                    document.querySelector('#testRunButton1').textContent =","                        'hide internal test';","                    local.modeTest = true;","                    local.testRunDefault(local);","                // hide tests","                } else {","                    document.querySelector('#testReportDiv1').style.display = 'none';","                    document.querySelector('#testRunButton1').textContent = 'run internal test';","                }","                break;","            // custom-case","            default:","                break;","            }","            if (document.querySelector('#inputTextareaEval1') && (!event || (event &&","                    event.currentTarget &&","                    event.currentTarget.className &&","                    event.currentTarget.className.includes &&","                    event.currentTarget.className.includes('oneval')))) {","                // try to eval input-code","                try {","                    /*jslint evil: true*/","                    eval(document.querySelector('#inputTextareaEval1').value);","                } catch (errorCaught) {","                    console.error(errorCaught);","                }","            }","        };","        // log stderr and stdout to #outputTextareaStdout1","        ['error', 'log'].forEach(function (key) {","            console[key + '_original'] = console[key];","            console[key] = function () {","                var element;","                console[key + '_original'].apply(console, arguments);","                element = document.querySelector('#outputTextareaStdout1');","                if (!element) {","                    return;","                }","                // append text to #outputTextareaStdout1","                element.value += Array.from(arguments).map(function (arg) {","                    return typeof arg === 'string'","                        ? arg","                        : JSON.stringify(arg, null, 4);","                }).join(' ') + '\\n';","                // scroll textarea to bottom","                element.scrollTop = element.scrollHeight;","            };","        });","        // init event-handling","        ['change', 'click', 'keyup'].forEach(function (event) {","            Array.from(document.querySelectorAll('.on' + event)).forEach(function (element) {","                element.addEventListener(event, local.testRunBrowser);","            });","        });","        // run tests","        local.testRunBrowser();","        break;","","","","    // run node js-env code - post-init","    /* istanbul ignore next */","    case 'node':","        // export local","        module.exports = local;","        // require modules","        local.fs = require('fs');","        local.http = require('http');","        local.url = require('url');","        // init assets","        local.assetsDict = local.assetsDict || {};","        /* jslint-ignore-begin */","        local.assetsDict['/assets.index.template.html'] = '\\","<!doctype html>\\n\\","<html lang=\"en\">\\n\\","<head>\\n\\","<meta charset=\"UTF-8\">\\n\\","<meta name=\"viewport\" content=\"width=device-width, initial-scale=1\">\\n\\","<title>{{env.npm_package_name}} (v{{env.npm_package_version}})</title>\\n\\","<style>\\n\\","/*csslint\\n\\","    box-sizing: false,\\n\\","    universal-selector: false\\n\\","*/\\n\\","* {\\n\\","    box-sizing: border-box;\\n\\","}\\n\\","body {\\n\\","    background: #dde;\\n\\","    font-family: Arial, Helvetica, sans-serif;\\n\\","    margin: 2rem;\\n\\","}\\n\\","body > * {\\n\\","    margin-bottom: 1rem;\\n\\","}\\n\\",".utility2FooterDiv {\\n\\","    margin-top: 20px;\\n\\","    text-align: center;\\n\\","}\\n\\","</style>\\n\\","<style>\\n\\","/*csslint\\n\\","*/\\n\\","textarea {\\n\\","    font-family: monospace;\\n\\","    height: 10rem;\\n\\","    width: 100%;\\n\\","}\\n\\","textarea[readonly] {\\n\\","    background: #ddd;\\n\\","}\\n\\","</style>\\n\\","</head>\\n\\","<body>\\n\\","<!-- utility2-comment\\n\\","<div id=\"ajaxProgressDiv1\" style=\"background: #d00; height: 2px; left: 0; margin: 0; padding: 0; position: fixed; top: 0; transition: background 0.5s, width 1.5s; width: 25%;\"></div>\\n\\","utility2-comment -->\\n\\","<h1>\\n\\","<!-- utility2-comment\\n\\","    <a\\n\\","        {{#if env.npm_package_homepage}}\\n\\","        href=\"{{env.npm_package_homepage}}\"\\n\\","        {{/if env.npm_package_homepage}}\\n\\","        target=\"_blank\"\\n\\","    >\\n\\","utility2-comment -->\\n\\","        {{env.npm_package_name}} (v{{env.npm_package_version}})\\n\\","<!-- utility2-comment\\n\\","    </a>\\n\\","utility2-comment -->\\n\\","</h1>\\n\\","<h3>{{env.npm_package_description}}</h3>\\n\\","<!-- utility2-comment\\n\\","<h4><a download href=\"assets.app.js\">download standalone app</a></h4>\\n\\","<button class=\"onclick onreset\" id=\"testRunButton1\">run internal test</button><br>\\n\\","<div id=\"testReportDiv1\" style=\"display: none;\"></div>\\n\\","utility2-comment -->\\n\\","\\n\\","\\n\\","\\n\\","<label>stderr and stdout</label>\\n\\","<textarea class=\"resettable\" id=\"outputTextareaStdout1\" readonly></textarea>\\n\\","<!-- utility2-comment\\n\\","{{#if isRollup}}\\n\\","<script src=\"assets.app.js\"></script>\\n\\","{{#unless isRollup}}\\n\\","utility2-comment -->\\n\\","<script src=\"assets.utility2.rollup.js\"></script>\\n\\","<script src=\"jsonp.utility2._stateInit?callback=window.utility2._stateInit\"></script>\\n\\","<script src=\"assets.npmtest_simple_peer.rollup.js\"></script>\\n\\","<script src=\"assets.example.js\"></script>\\n\\","<script src=\"assets.test.js\"></script>\\n\\","<!-- utility2-comment\\n\\","{{/if isRollup}}\\n\\","utility2-comment -->\\n\\","<div class=\"utility2FooterDiv\">\\n\\","    [ this app was created with\\n\\","    <a href=\"https://github.com/kaizhu256/node-utility2\" target=\"_blank\">utility2</a>\\n\\","    ]\\n\\","</div>\\n\\","</body>\\n\\","</html>\\n\\","';","        /* jslint-ignore-end */","        if (local.templateRender) {","            local.assetsDict['/'] = local.templateRender(","                local.assetsDict['/assets.index.template.html'],","                {","                    env: local.objectSetDefault(local.env, {","                        npm_package_description: 'the greatest app in the world!',","                        npm_package_name: 'my-app',","                        npm_package_nameAlias: 'my_app',","                        npm_package_version: '0.0.1'","                    })","                }","            );","        } else {","            local.assetsDict['/'] = local.assetsDict['/assets.index.template.html']","                .replace((/\\{\\{env\\.(\\w+?)\\}\\}/g), function (match0, match1) {","                    // jslint-hack","                    String(match0);","                    switch (match1) {","                    case 'npm_package_description':","                        return 'the greatest app in the world!';","                    case 'npm_package_name':","                        return 'my-app';","                    case 'npm_package_nameAlias':","                        return 'my_app';","                    case 'npm_package_version':","                        return '0.0.1';","                    }","                });","        }","        // run the cli","        if (local.global.utility2_rollup || module !== require.main) {","            break;","        }","        local.assetsDict['/assets.example.js'] =","            local.assetsDict['/assets.example.js'] ||","            local.fs.readFileSync(__filename, 'utf8');","        // bug-workaround - long $npm_package_buildCustomOrg","        /* jslint-ignore-begin */","        local.assetsDict['/assets.npmtest_simple_peer.rollup.js'] =","            local.assetsDict['/assets.npmtest_simple_peer.rollup.js'] ||","            local.fs.readFileSync(","                local.npmtest_simple_peer.__dirname + '/lib.npmtest_simple_peer.js',","                'utf8'","            ).replace((/^#!/), '//');","        /* jslint-ignore-end */","        local.assetsDict['/favicon.ico'] = local.assetsDict['/favicon.ico'] || '';","        // if $npm_config_timeout_exit exists,","        // then exit this process after $npm_config_timeout_exit ms","        if (Number(process.env.npm_config_timeout_exit)) {","            setTimeout(process.exit, Number(process.env.npm_config_timeout_exit));","        }","        // start server","        if (local.global.utility2_serverHttp1) {","            break;","        }","        process.env.PORT = process.env.PORT || '8081';","        console.error('server starting on port ' + process.env.PORT);","        local.http.createServer(function (request, response) {","            request.urlParsed = local.url.parse(request.url);","            if (local.assetsDict[request.urlParsed.pathname] !== undefined) {","                response.end(local.assetsDict[request.urlParsed.pathname]);","                return;","            }","            response.statusCode = 404;","            response.end();","        }).listen(process.env.PORT);","        break;","    }","}());",""],"l":{"26":2,"28":2,"33":2,"35":2,"37":2,"38":2,"39":2,"44":1,"51":2,"55":2,"59":2,"61":2,"69":1,"70":2,"76":2,"79":2,"82":2,"83":2,"85":1,"89":2,"92":1,"93":1,"94":1,"96":1,"97":1,"100":1,"101":1,"103":1,"106":1,"108":2,"114":1,"116":1,"118":1,"123":1,"124":2,"125":2,"126":3,"127":3,"128":3,"129":3,"130":1,"133":3,"134":3,"139":3,"143":1,"144":3,"145":1,"149":1,"150":1,"158":1,"160":1,"161":1,"162":1,"164":1,"166":1,"258":1,"259":1,"271":1,"274":6,"275":6,"277":1,"279":2,"281":1,"283":2,"288":1,"289":1,"291":1,"296":1,"303":1,"306":1,"307":1,"310":1,"311":1,"313":1,"314":1,"315":1,"316":1,"317":1,"318":1,"319":1,"321":1,"322":1,"324":1}},"/home/travis/build/npmtest/node-npmtest-simple-peer/node_modules/simple-peer/index.js":{"path":"/home/travis/build/npmtest/node-npmtest-simple-peer/node_modules/simple-peer/index.js","s":{"1":1,"2":1,"3":1,"4":1,"5":1,"6":1,"7":1,"8":1,"9":1,"10":0,"11":0,"12":0,"13":0,"14":0,"15":0,"16":0,"17":0,"18":0,"19":0,"20":0,"21":0,"22":0,"23":0,"24":0,"25":0,"26":0,"27":0,"28":0,"29":0,"30":0,"31":0,"32":0,"33":0,"34":0,"35":0,"36":0,"37":0,"38":0,"39":0,"40":0,"41":0,"42":0,"43":0,"44":0,"45":0,"46":0,"47":0,"48":0,"49":0,"50":0,"51":0,"52":0,"53":0,"54":0,"55":0,"56":0,"57":0,"58":0,"59":0,"60":0,"61":0,"62":0,"63":0,"64":0,"65":0,"66":0,"67":0,"68":0,"69":0,"70":0,"71":0,"72":0,"73":0,"74":0,"75":0,"76":0,"77":0,"78":0,"79":0,"80":0,"81":0,"82":0,"83":0,"84":0,"85":0,"86":0,"87":1,"88":1,"89":1,"90":1,"91":1,"92":0,"93":0,"94":1,"95":0,"96":0,"97":1,"98":0,"99":0,"100":0,"101":0,"102":0,"103":0,"104":0,"105":0,"106":0,"107":0,"108":0,"109":0,"110":0,"111":0,"112":0,"113":0,"114":0,"115":0,"116":0,"117":0,"118":0,"119":0,"120":0,"121":0,"122":1,"123":0,"124":0,"125":0,"126":0,"127":0,"128":1,"129":0,"130":0,"131":0,"132":0,"133":1,"134":0,"135":0,"136":1,"137":0,"138":0,"139":0,"140":0,"141":0,"142":0,"143":0,"144":0,"145":0,"146":0,"147":0,"148":0,"149":0,"150":0,"151":0,"152":0,"153":0,"154":0,"155":0,"156":0,"157":0,"158":0,"159":0,"160":0,"161":0,"162":0,"163":0,"164":0,"165":0,"166":0,"167":0,"168":0,"169":0,"170":0,"171":0,"172":0,"173":0,"174":0,"175":0,"176":0,"177":0,"178":0,"179":0,"180":0,"181":0,"182":0,"183":0,"184":0,"185":0,"186":1,"187":0,"188":0,"189":0,"190":0,"191":0,"192":0,"193":0,"194":0,"195":0,"196":0,"197":0,"198":0,"199":0,"200":0,"201":0,"202":0,"203":0,"204":0,"205":1,"206":1,"207":0,"208":0,"209":0,"210":0,"211":0,"212":0,"213":0,"214":0,"215":0,"216":0,"217":0,"218":0,"219":0,"220":0,"221":1,"222":0,"223":0,"224":0,"225":0,"226":0,"227":0,"228":1,"229":0,"230":0,"231":1,"232":0,"233":0,"234":0,"235":0,"236":0,"237":0,"238":0,"239":0,"240":1,"241":0,"242":0,"243":0,"244":0,"245":0,"246":1,"247":0,"248":1,"249":0,"250":0,"251":0,"252":0,"253":1,"254":0,"255":0,"256":0,"257":0,"258":0,"259":0,"260":0,"261":0,"262":1,"263":0,"264":0,"265":0,"266":0,"267":0,"268":1,"269":0,"270":1,"271":0,"272":0,"273":0,"274":0,"275":1,"276":0,"277":0,"278":0,"279":0,"280":0,"281":0,"282":0,"283":0,"284":0,"285":0,"286":0,"287":0,"288":0,"289":0,"290":0,"291":0,"292":0,"293":0,"294":0,"295":0,"296":0,"297":1,"298":0,"299":0,"300":0,"301":0,"302":0,"303":0,"304":0,"305":0,"306":0,"307":0,"308":0,"309":0,"310":0,"311":0,"312":0,"313":0,"314":0,"315":0,"316":0,"317":0,"318":0,"319":0,"320":0,"321":0,"322":0,"323":0,"324":0,"325":0,"326":0,"327":1,"328":0,"329":0,"330":0,"331":0,"332":0,"333":0,"334":0,"335":0,"336":0,"337":0,"338":0,"339":0,"340":0,"341":0,"342":0,"343":0,"344":0,"345":0,"346":0,"347":0,"348":0,"349":0,"350":0,"351":0,"352":0,"353":0,"354":0,"355":1,"356":0,"357":0,"358":0,"359":0,"360":0,"361":0,"362":0,"363":0,"364":0,"365":0,"366":0,"367":0,"368":0,"369":0,"370":0,"371":0,"372":0,"373":0,"374":0,"375":0,"376":0,"377":0,"378":0,"379":0,"380":0,"381":0,"382":0,"383":0,"384":0,"385":0,"386":0,"387":0,"388":0,"389":0,"390":0,"391":0,"392":0,"393":0,"394":0,"395":0,"396":1,"397":0,"398":0,"399":0,"400":1,"401":0,"402":0,"403":0,"404":0,"405":0,"406":1,"407":0,"408":0,"409":0,"410":0,"411":0,"412":0,"413":0,"414":0,"415":1,"416":0,"417":0,"418":0,"419":0,"420":0,"421":0,"422":0,"423":1,"424":0,"425":0,"426":0,"427":0,"428":0,"429":0,"430":0,"431":1,"432":0,"433":0,"434":0,"435":0,"436":0,"437":0,"438":1,"439":0,"440":0,"441":0,"442":0,"443":0,"444":1,"445":0,"446":0,"447":0,"448":0,"449":0,"450":1,"451":0,"452":0,"453":0,"454":0,"455":0,"456":0,"457":0,"458":0,"459":0,"460":1,"461":0,"462":0,"463":0,"464":0,"465":1,"466":0,"467":0,"468":0,"469":0,"470":0,"471":0,"472":0,"473":0,"474":0,"475":0,"476":0,"477":0,"478":0,"479":0,"480":0,"481":0,"482":0,"483":0,"484":0,"485":0,"486":0,"487":1},"b":{"1":[0,0],"2":[0,0],"3":[0,0],"4":[0,0],"5":[0,0],"6":[0,0],"7":[0,0],"8":[0,0],"9":[0,0],"10":[0,0],"11":[0,0],"12":[0,0],"13":[0,0],"14":[0,0],"15":[0,0],"16":[0,0],"17":[0,0],"18":[0,0],"19":[0,0],"20":[0,0],"21":[0,0],"22":[0,0],"23":[0,0],"24":[0,0],"25":[0,0],"26":[0,0,0],"27":[0,0],"28":[0,0],"29":[0,0],"30":[0,0],"31":[0,0],"32":[0,0],"33":[0,0],"34":[0,0],"35":[0,0],"36":[0,0],"37":[0,0],"38":[0,0],"39":[0,0],"40":[0,0,0],"41":[0,0],"42":[0,0],"43":[0,0],"44":[0,0],"45":[0,0],"46":[0,0],"47":[0,0],"48":[0,0],"49":[0,0],"50":[0,0],"51":[0,0],"52":[0,0],"53":[0,0],"54":[0,0],"55":[0,0],"56":[0,0],"57":[0,0],"58":[0,0],"59":[0,0],"60":[0,0],"61":[0,0],"62":[0,0],"63":[0,0],"64":[0,0],"65":[0,0],"66":[0,0],"67":[0,0],"68":[0,0],"69":[0,0],"70":[0,0],"71":[0,0],"72":[0,0],"73":[0,0],"74":[0,0],"75":[0,0],"76":[0,0],"77":[0,0],"78":[0,0,0,0],"79":[0,0],"80":[0,0],"81":[0,0],"82":[0,0],"83":[0,0],"84":[0,0],"85":[0,0],"86":[0,0],"87":[0,0],"88":[0,0],"89":[0,0,0,0,0],"90":[0,0],"91":[0,0],"92":[0,0],"93":[0,0],"94":[0,0],"95":[0,0],"96":[0,0],"97":[0,0],"98":[0,0],"99":[0,0],"100":[0,0],"101":[0,0],"102":[0,0],"103":[0,0],"104":[0,0,0],"105":[0,0],"106":[0,0],"107":[0,0],"108":[0,0],"109":[0,0],"110":[0,0],"111":[0,0],"112":[0,0],"113":[0,0],"114":[0,0],"115":[0,0],"116":[0,0],"117":[0,0],"118":[0,0],"119":[0,0],"120":[0,0],"121":[0,0],"122":[0,0,0],"123":[0,0],"124":[0,0],"125":[0,0],"126":[0,0,0],"127":[0,0],"128":[0,0]},"f":{"1":0,"2":0,"3":0,"4":0,"5":0,"6":0,"7":0,"8":0,"9":0,"10":0,"11":0,"12":0,"13":0,"14":0,"15":0,"16":0,"17":0,"18":0,"19":0,"20":0,"21":0,"22":0,"23":0,"24":0,"25":0,"26":0,"27":0,"28":0,"29":0,"30":0,"31":0,"32":0,"33":0,"34":0,"35":0,"36":0,"37":0,"38":0,"39":0,"40":0,"41":0,"42":0,"43":0,"44":0,"45":0,"46":0,"47":0,"48":0,"49":0,"50":0,"51":0,"52":0,"53":0,"54":0,"55":0,"56":0,"57":0,"58":0,"59":0,"60":0,"61":0,"62":0,"63":0,"64":0,"65":0,"66":0,"67":0,"68":0,"69":0,"70":0,"71":0,"72":0,"73":0,"74":0,"75":0,"76":0,"77":0},"fnMap":{"1":{"name":"Peer","line":18,"loc":{"start":{"line":18,"column":0},"end":{"line":18,"column":21}}},"2":{"name":"(anonymous_2)","line":45,"loc":{"start":{"line":45,"column":43},"end":{"line":45,"column":58}}},"3":{"name":"(anonymous_3)","line":89,"loc":{"start":{"line":89,"column":40},"end":{"line":89,"column":52}}},"4":{"name":"(anonymous_4)","line":92,"loc":{"start":{"line":92,"column":39},"end":{"line":92,"column":51}}},"5":{"name":"(anonymous_5)","line":95,"loc":{"start":{"line":95,"column":36},"end":{"line":95,"column":48}}},"6":{"name":"(anonymous_6)","line":98,"loc":{"start":{"line":98,"column":28},"end":{"line":98,"column":45}}},"7":{"name":"(anonymous_7)","line":109,"loc":{"start":{"line":109,"column":35},"end":{"line":109,"column":47}}},"8":{"name":"(anonymous_8)","line":118,"loc":{"start":{"line":118,"column":29},"end":{"line":118,"column":46}}},"9":{"name":"(anonymous_9)","line":126,"loc":{"start":{"line":126,"column":38},"end":{"line":126,"column":55}}},"10":{"name":"(anonymous_10)","line":130,"loc":{"start":{"line":130,"column":23},"end":{"line":130,"column":40}}},"11":{"name":"(anonymous_11)","line":136,"loc":{"start":{"line":136,"column":27},"end":{"line":136,"column":44}}},"12":{"name":"(anonymous_12)","line":146,"loc":{"start":{"line":146,"column":24},"end":{"line":146,"column":36}}},"13":{"name":"(anonymous_13)","line":173,"loc":{"start":{"line":173,"column":7},"end":{"line":173,"column":19}}},"14":{"name":"(anonymous_14)","line":179,"loc":{"start":{"line":179,"column":25},"end":{"line":179,"column":37}}},"15":{"name":"(anonymous_15)","line":184,"loc":{"start":{"line":184,"column":24},"end":{"line":184,"column":40}}},"16":{"name":"(anonymous_16)","line":201,"loc":{"start":{"line":201,"column":80},"end":{"line":201,"column":92}}},"17":{"name":"(anonymous_17)","line":204,"loc":{"start":{"line":204,"column":38},"end":{"line":204,"column":59}}},"18":{"name":"(anonymous_18)","line":210,"loc":{"start":{"line":210,"column":7},"end":{"line":210,"column":22}}},"19":{"name":"(anonymous_19)","line":217,"loc":{"start":{"line":217,"column":34},"end":{"line":217,"column":55}}},"20":{"name":"(anonymous_20)","line":223,"loc":{"start":{"line":223,"column":6},"end":{"line":223,"column":21}}},"21":{"name":"(anonymous_21)","line":234,"loc":{"start":{"line":234,"column":22},"end":{"line":234,"column":39}}},"22":{"name":"(anonymous_22)","line":246,"loc":{"start":{"line":246,"column":25},"end":{"line":246,"column":44}}},"23":{"name":"(anonymous_23)","line":251,"loc":{"start":{"line":251,"column":26},"end":{"line":251,"column":50}}},"24":{"name":"(anonymous_24)","line":314,"loc":{"start":{"line":314,"column":28},"end":{"line":314,"column":45}}},"25":{"name":"(anonymous_25)","line":332,"loc":{"start":{"line":332,"column":28},"end":{"line":332,"column":45}}},"26":{"name":"(anonymous_26)","line":335,"loc":{"start":{"line":335,"column":38},"end":{"line":335,"column":50}}},"27":{"name":"(anonymous_27)","line":338,"loc":{"start":{"line":338,"column":25},"end":{"line":338,"column":37}}},"28":{"name":"(anonymous_28)","line":341,"loc":{"start":{"line":341,"column":26},"end":{"line":341,"column":38}}},"29":{"name":"(anonymous_29)","line":344,"loc":{"start":{"line":344,"column":26},"end":{"line":344,"column":41}}},"30":{"name":"(anonymous_30)","line":349,"loc":{"start":{"line":349,"column":23},"end":{"line":349,"column":35}}},"31":{"name":"(anonymous_31)","line":351,"loc":{"start":{"line":351,"column":24},"end":{"line":351,"column":55}}},"32":{"name":"(anonymous_32)","line":376,"loc":{"start":{"line":376,"column":27},"end":{"line":376,"column":39}}},"33":{"name":"destroySoon","line":388,"loc":{"start":{"line":388,"column":2},"end":{"line":388,"column":26}}},"34":{"name":"(anonymous_34)","line":389,"loc":{"start":{"line":389,"column":15},"end":{"line":389,"column":27}}},"35":{"name":"(anonymous_35)","line":395,"loc":{"start":{"line":395,"column":30},"end":{"line":395,"column":42}}},"36":{"name":"(anonymous_36)","line":399,"loc":{"start":{"line":399,"column":23},"end":{"line":399,"column":40}}},"37":{"name":"onSuccess","line":404,"loc":{"start":{"line":404,"column":4},"end":{"line":404,"column":26}}},"38":{"name":"onError","line":410,"loc":{"start":{"line":410,"column":4},"end":{"line":410,"column":27}}},"39":{"name":"sendOffer","line":414,"loc":{"start":{"line":414,"column":4},"end":{"line":414,"column":26}}},"40":{"name":"(anonymous_40)","line":422,"loc":{"start":{"line":422,"column":5},"end":{"line":422,"column":20}}},"41":{"name":"(anonymous_41)","line":425,"loc":{"start":{"line":425,"column":31},"end":{"line":425,"column":43}}},"42":{"name":"(anonymous_42)","line":429,"loc":{"start":{"line":429,"column":24},"end":{"line":429,"column":42}}},"43":{"name":"onSuccess","line":434,"loc":{"start":{"line":434,"column":4},"end":{"line":434,"column":26}}},"44":{"name":"onError","line":440,"loc":{"start":{"line":440,"column":4},"end":{"line":440,"column":27}}},"45":{"name":"sendAnswer","line":444,"loc":{"start":{"line":444,"column":4},"end":{"line":444,"column":27}}},"46":{"name":"(anonymous_46)","line":452,"loc":{"start":{"line":452,"column":5},"end":{"line":452,"column":20}}},"47":{"name":"(anonymous_47)","line":455,"loc":{"start":{"line":455,"column":35},"end":{"line":455,"column":47}}},"48":{"name":"(anonymous_48)","line":477,"loc":{"start":{"line":477,"column":42},"end":{"line":477,"column":54}}},"49":{"name":"(anonymous_49)","line":492,"loc":{"start":{"line":492,"column":26},"end":{"line":492,"column":40}}},"50":{"name":"(anonymous_50)","line":497,"loc":{"start":{"line":497,"column":29},"end":{"line":497,"column":44}}},"51":{"name":"(anonymous_51)","line":499,"loc":{"start":{"line":499,"column":18},"end":{"line":499,"column":36}}},"52":{"name":"(anonymous_52)","line":503,"loc":{"start":{"line":503,"column":7},"end":{"line":503,"column":22}}},"53":{"name":"(anonymous_53)","line":507,"loc":{"start":{"line":507,"column":28},"end":{"line":507,"column":43}}},"54":{"name":"(anonymous_54)","line":509,"loc":{"start":{"line":509,"column":18},"end":{"line":509,"column":36}}},"55":{"name":"(anonymous_55)","line":513,"loc":{"start":{"line":513,"column":7},"end":{"line":513,"column":22}}},"56":{"name":"(anonymous_56)","line":517,"loc":{"start":{"line":517,"column":22},"end":{"line":517,"column":37}}},"57":{"name":"(anonymous_57)","line":519,"loc":{"start":{"line":519,"column":27},"end":{"line":519,"column":45}}},"58":{"name":"(anonymous_58)","line":521,"loc":{"start":{"line":521,"column":31},"end":{"line":521,"column":47}}},"59":{"name":"(anonymous_59)","line":530,"loc":{"start":{"line":530,"column":7},"end":{"line":530,"column":22}}},"60":{"name":"(anonymous_60)","line":539,"loc":{"start":{"line":539,"column":29},"end":{"line":539,"column":41}}},"61":{"name":"(anonymous_61)","line":545,"loc":{"start":{"line":545,"column":16},"end":{"line":545,"column":38}}},"62":{"name":"(anonymous_62)","line":558,"loc":{"start":{"line":558,"column":18},"end":{"line":558,"column":34}}},"63":{"name":"(anonymous_63)","line":572,"loc":{"start":{"line":572,"column":18},"end":{"line":572,"column":34}}},"64":{"name":"setSelectedCandidatePair","line":587,"loc":{"start":{"line":587,"column":4},"end":{"line":587,"column":62}}},"65":{"name":"(anonymous_65)","line":646,"loc":{"start":{"line":646,"column":35},"end":{"line":646,"column":47}}},"66":{"name":"(anonymous_66)","line":655,"loc":{"start":{"line":655,"column":29},"end":{"line":655,"column":41}}},"67":{"name":"(anonymous_67)","line":662,"loc":{"start":{"line":662,"column":41},"end":{"line":662,"column":53}}},"68":{"name":"(anonymous_68)","line":669,"loc":{"start":{"line":669,"column":33},"end":{"line":669,"column":50}}},"69":{"name":"(anonymous_69)","line":686,"loc":{"start":{"line":686,"column":35},"end":{"line":686,"column":52}}},"70":{"name":"(anonymous_70)","line":694,"loc":{"start":{"line":694,"column":45},"end":{"line":694,"column":57}}},"71":{"name":"(anonymous_71)","line":703,"loc":{"start":{"line":703,"column":32},"end":{"line":703,"column":44}}},"72":{"name":"(anonymous_72)","line":711,"loc":{"start":{"line":711,"column":33},"end":{"line":711,"column":45}}},"73":{"name":"(anonymous_73)","line":718,"loc":{"start":{"line":718,"column":30},"end":{"line":718,"column":47}}},"74":{"name":"(anonymous_74)","line":725,"loc":{"start":{"line":725,"column":26},"end":{"line":725,"column":43}}},"75":{"name":"(anonymous_75)","line":735,"loc":{"start":{"line":735,"column":24},"end":{"line":735,"column":36}}},"76":{"name":"(anonymous_76)","line":744,"loc":{"start":{"line":744,"column":39},"end":{"line":744,"column":62}}},"77":{"name":"noop","line":791,"loc":{"start":{"line":791,"column":0},"end":{"line":791,"column":17}}}},"statementMap":{"1":{"start":{"line":1,"column":0},"end":{"line":1,"column":21}},"2":{"start":{"line":3,"column":0},"end":{"line":3,"column":43}},"3":{"start":{"line":4,"column":0},"end":{"line":4,"column":46}},"4":{"start":{"line":5,"column":0},"end":{"line":5,"column":34}},"5":{"start":{"line":6,"column":0},"end":{"line":6,"column":40}},"6":{"start":{"line":7,"column":0},"end":{"line":7,"column":39}},"7":{"start":{"line":9,"column":0},"end":{"line":9,"column":35}},"8":{"start":{"line":11,"column":0},"end":{"line":11,"column":29}},"9":{"start":{"line":18,"column":0},"end":{"line":150,"column":1}},"10":{"start":{"line":19,"column":2},"end":{"line":19,"column":17}},"11":{"start":{"line":20,"column":2},"end":{"line":20,"column":52}},"12":{"start":{"line":20,"column":31},"end":{"line":20,"column":52}},"13":{"start":{"line":22,"column":2},"end":{"line":22,"column":55}},"14":{"start":{"line":23,"column":2},"end":{"line":23,"column":34}},"15":{"start":{"line":25,"column":2},"end":{"line":27,"column":10}},"16":{"start":{"line":29,"column":2},"end":{"line":29,"column":32}},"17":{"start":{"line":31,"column":2},"end":{"line":33,"column":10}},"18":{"start":{"line":36,"column":2},"end":{"line":36,"column":86}},"19":{"start":{"line":38,"column":2},"end":{"line":38,"column":42}},"20":{"start":{"line":39,"column":2},"end":{"line":39,"column":63}},"21":{"start":{"line":40,"column":2},"end":{"line":40,"column":42}},"22":{"start":{"line":41,"column":2},"end":{"line":41,"column":85}},"23":{"start":{"line":42,"column":2},"end":{"line":42,"column":81}},"24":{"start":{"line":43,"column":2},"end":{"line":43,"column":83}},"25":{"start":{"line":44,"column":2},"end":{"line":44,"column":52}},"26":{"start":{"line":45,"column":2},"end":{"line":45,"column":72}},"27":{"start":{"line":45,"column":60},"end":{"line":45,"column":71}},"28":{"start":{"line":46,"column":2},"end":{"line":46,"column":36}},"29":{"start":{"line":47,"column":2},"end":{"line":47,"column":65}},"30":{"start":{"line":49,"column":2},"end":{"line":49,"column":24}},"31":{"start":{"line":50,"column":2},"end":{"line":50,"column":24}},"32":{"start":{"line":52,"column":2},"end":{"line":52,"column":32}},"33":{"start":{"line":53,"column":2},"end":{"line":53,"column":31}},"34":{"start":{"line":54,"column":2},"end":{"line":54,"column":29}},"35":{"start":{"line":55,"column":2},"end":{"line":55,"column":31}},"36":{"start":{"line":56,"column":2},"end":{"line":56,"column":28}},"37":{"start":{"line":58,"column":2},"end":{"line":60,"column":21}},"38":{"start":{"line":62,"column":2},"end":{"line":68,"column":3}},"39":{"start":{"line":63,"column":4},"end":{"line":67,"column":5}},"40":{"start":{"line":64,"column":6},"end":{"line":64,"column":90}},"41":{"start":{"line":66,"column":6},"end":{"line":66,"column":67}},"42":{"start":{"line":70,"column":2},"end":{"line":70,"column":23}},"43":{"start":{"line":71,"column":2},"end":{"line":71,"column":28}},"44":{"start":{"line":72,"column":2},"end":{"line":72,"column":27}},"45":{"start":{"line":73,"column":2},"end":{"line":73,"column":22}},"46":{"start":{"line":74,"column":2},"end":{"line":74,"column":30}},"47":{"start":{"line":75,"column":2},"end":{"line":75,"column":28}},"48":{"start":{"line":77,"column":2},"end":{"line":77,"column":20}},"49":{"start":{"line":78,"column":2},"end":{"line":78,"column":17}},"50":{"start":{"line":79,"column":2},"end":{"line":79,"column":23}},"51":{"start":{"line":80,"column":2},"end":{"line":80,"column":31}},"52":{"start":{"line":82,"column":2},"end":{"line":82,"column":78}},"53":{"start":{"line":86,"column":2},"end":{"line":86,"column":63}},"54":{"start":{"line":87,"column":2},"end":{"line":87,"column":76}},"55":{"start":{"line":89,"column":2},"end":{"line":91,"column":3}},"56":{"start":{"line":90,"column":4},"end":{"line":90,"column":28}},"57":{"start":{"line":92,"column":2},"end":{"line":94,"column":3}},"58":{"start":{"line":93,"column":4},"end":{"line":93,"column":28}},"59":{"start":{"line":95,"column":2},"end":{"line":97,"column":3}},"60":{"start":{"line":96,"column":4},"end":{"line":96,"column":34}},"61":{"start":{"line":98,"column":2},"end":{"line":100,"column":3}},"62":{"start":{"line":99,"column":4},"end":{"line":99,"column":31}},"63":{"start":{"line":107,"column":2},"end":{"line":121,"column":3}},"64":{"start":{"line":108,"column":4},"end":{"line":108,"column":28}},"65":{"start":{"line":109,"column":4},"end":{"line":112,"column":5}},"66":{"start":{"line":110,"column":6},"end":{"line":110,"column":44}},"67":{"start":{"line":110,"column":25},"end":{"line":110,"column":44}},"68":{"start":{"line":111,"column":6},"end":{"line":111,"column":25}},"69":{"start":{"line":114,"column":4},"end":{"line":116,"column":6}},"70":{"start":{"line":118,"column":4},"end":{"line":120,"column":5}},"71":{"start":{"line":119,"column":6},"end":{"line":119,"column":28}},"72":{"start":{"line":123,"column":2},"end":{"line":139,"column":3}},"73":{"start":{"line":125,"column":4},"end":{"line":129,"column":5}},"74":{"start":{"line":126,"column":6},"end":{"line":128,"column":8}},"75":{"start":{"line":127,"column":8},"end":{"line":127,"column":45}},"76":{"start":{"line":130,"column":4},"end":{"line":132,"column":5}},"77":{"start":{"line":131,"column":6},"end":{"line":131,"column":26}},"78":{"start":{"line":135,"column":4},"end":{"line":135,"column":52}},"79":{"start":{"line":135,"column":21},"end":{"line":135,"column":52}},"80":{"start":{"line":136,"column":4},"end":{"line":138,"column":5}},"81":{"start":{"line":137,"column":6},"end":{"line":137,"column":30}},"82":{"start":{"line":142,"column":2},"end":{"line":144,"column":3}},"83":{"start":{"line":143,"column":4},"end":{"line":143,"column":34}},"84":{"start":{"line":146,"column":2},"end":{"line":148,"column":3}},"85":{"start":{"line":147,"column":4},"end":{"line":147,"column":20}},"86":{"start":{"line":149,"column":2},"end":{"line":149,"column":42}},"87":{"start":{"line":152,"column":0},"end":{"line":152,"column":39}},"88":{"start":{"line":159,"column":0},"end":{"line":168,"column":1}},"89":{"start":{"line":169,"column":0},"end":{"line":169,"column":21}},"90":{"start":{"line":170,"column":0},"end":{"line":170,"column":23}},"91":{"start":{"line":172,"column":0},"end":{"line":177,"column":2}},"92":{"start":{"line":174,"column":4},"end":{"line":174,"column":19}},"93":{"start":{"line":175,"column":4},"end":{"line":175,"column":63}},"94":{"start":{"line":179,"column":0},"end":{"line":182,"column":1}},"95":{"start":{"line":180,"column":2},"end":{"line":180,"column":17}},"96":{"start":{"line":181,"column":2},"end":{"line":181,"column":77}},"97":{"start":{"line":184,"column":0},"end":{"line":215,"column":1}},"98":{"start":{"line":185,"column":2},"end":{"line":185,"column":17}},"99":{"start":{"line":186,"column":2},"end":{"line":186,"column":78}},"100":{"start":{"line":186,"column":22},"end":{"line":186,"column":78}},"101":{"start":{"line":187,"column":2},"end":{"line":193,"column":3}},"102":{"start":{"line":188,"column":4},"end":{"line":192,"column":5}},"103":{"start":{"line":189,"column":6},"end":{"line":189,"column":29}},"104":{"start":{"line":191,"column":6},"end":{"line":191,"column":15}},"105":{"start":{"line":194,"column":2},"end":{"line":194,"column":25}},"106":{"start":{"line":196,"column":2},"end":{"line":199,"column":3}},"107":{"start":{"line":197,"column":4},"end":{"line":198,"column":53}},"108":{"start":{"line":197,"column":36},"end":{"line":197,"column":73}},"109":{"start":{"line":198,"column":9},"end":{"line":198,"column":53}},"110":{"start":{"line":200,"column":2},"end":{"line":211,"column":3}},"111":{"start":{"line":201,"column":4},"end":{"line":210,"column":45}},"112":{"start":{"line":202,"column":6},"end":{"line":202,"column":32}},"113":{"start":{"line":202,"column":26},"end":{"line":202,"column":32}},"114":{"start":{"line":204,"column":6},"end":{"line":206,"column":8}},"115":{"start":{"line":205,"column":8},"end":{"line":205,"column":40}},"116":{"start":{"line":207,"column":6},"end":{"line":207,"column":34}},"117":{"start":{"line":209,"column":6},"end":{"line":209,"column":75}},"118":{"start":{"line":209,"column":55},"end":{"line":209,"column":75}},"119":{"start":{"line":210,"column":24},"end":{"line":210,"column":43}},"120":{"start":{"line":212,"column":2},"end":{"line":214,"column":3}},"121":{"start":{"line":213,"column":4},"end":{"line":213,"column":72}},"122":{"start":{"line":217,"column":0},"end":{"line":228,"column":1}},"123":{"start":{"line":218,"column":2},"end":{"line":218,"column":17}},"124":{"start":{"line":219,"column":2},"end":{"line":227,"column":3}},"125":{"start":{"line":220,"column":4},"end":{"line":224,"column":5}},"126":{"start":{"line":223,"column":23},"end":{"line":223,"column":42}},"127":{"start":{"line":226,"column":4},"end":{"line":226,"column":70}},"128":{"start":{"line":234,"column":0},"end":{"line":244,"column":1}},"129":{"start":{"line":235,"column":2},"end":{"line":235,"column":17}},"130":{"start":{"line":239,"column":2},"end":{"line":241,"column":3}},"131":{"start":{"line":240,"column":4},"end":{"line":240,"column":33}},"132":{"start":{"line":243,"column":2},"end":{"line":243,"column":27}},"133":{"start":{"line":246,"column":0},"end":{"line":249,"column":1}},"134":{"start":{"line":247,"column":2},"end":{"line":247,"column":17}},"135":{"start":{"line":248,"column":2},"end":{"line":248,"column":30}},"136":{"start":{"line":251,"column":0},"end":{"line":312,"column":1}},"137":{"start":{"line":252,"column":2},"end":{"line":252,"column":17}},"138":{"start":{"line":253,"column":2},"end":{"line":253,"column":28}},"139":{"start":{"line":253,"column":22},"end":{"line":253,"column":28}},"140":{"start":{"line":254,"column":2},"end":{"line":254,"column":42}},"141":{"start":{"line":254,"column":15},"end":{"line":254,"column":42}},"142":{"start":{"line":256,"column":2},"end":{"line":256,"column":65}},"143":{"start":{"line":258,"column":2},"end":{"line":258,"column":39}},"144":{"start":{"line":260,"column":2},"end":{"line":260,"column":49}},"145":{"start":{"line":260,"column":34},"end":{"line":260,"column":49}},"146":{"start":{"line":261,"column":2},"end":{"line":261,"column":47}},"147":{"start":{"line":261,"column":37},"end":{"line":261,"column":47}},"148":{"start":{"line":263,"column":2},"end":{"line":263,"column":23}},"149":{"start":{"line":264,"column":2},"end":{"line":264,"column":24}},"150":{"start":{"line":265,"column":2},"end":{"line":265,"column":23}},"151":{"start":{"line":266,"column":2},"end":{"line":266,"column":28}},"152":{"start":{"line":267,"column":2},"end":{"line":267,"column":30}},"153":{"start":{"line":269,"column":2},"end":{"line":269,"column":31}},"154":{"start":{"line":270,"column":2},"end":{"line":270,"column":38}},"155":{"start":{"line":271,"column":2},"end":{"line":271,"column":23}},"156":{"start":{"line":272,"column":2},"end":{"line":272,"column":31}},"157":{"start":{"line":273,"column":2},"end":{"line":273,"column":20}},"158":{"start":{"line":274,"column":2},"end":{"line":274,"column":17}},"159":{"start":{"line":276,"column":2},"end":{"line":276,"column":77}},"160":{"start":{"line":276,"column":27},"end":{"line":276,"column":77}},"161":{"start":{"line":277,"column":2},"end":{"line":277,"column":28}},"162":{"start":{"line":279,"column":2},"end":{"line":295,"column":3}},"163":{"start":{"line":280,"column":4},"end":{"line":282,"column":20}},"164":{"start":{"line":281,"column":6},"end":{"line":281,"column":22}},"165":{"start":{"line":284,"column":4},"end":{"line":284,"column":46}},"166":{"start":{"line":285,"column":4},"end":{"line":285,"column":45}},"167":{"start":{"line":286,"column":4},"end":{"line":286,"column":42}},"168":{"start":{"line":287,"column":4},"end":{"line":287,"column":34}},"169":{"start":{"line":288,"column":4},"end":{"line":292,"column":5}},"170":{"start":{"line":289,"column":6},"end":{"line":289,"column":29}},"171":{"start":{"line":291,"column":6},"end":{"line":291,"column":33}},"172":{"start":{"line":293,"column":4},"end":{"line":293,"column":39}},"173":{"start":{"line":294,"column":4},"end":{"line":294,"column":33}},"174":{"start":{"line":297,"column":2},"end":{"line":306,"column":3}},"175":{"start":{"line":298,"column":4},"end":{"line":300,"column":20}},"176":{"start":{"line":299,"column":6},"end":{"line":299,"column":27}},"177":{"start":{"line":302,"column":4},"end":{"line":302,"column":34}},"178":{"start":{"line":303,"column":4},"end":{"line":303,"column":31}},"179":{"start":{"line":304,"column":4},"end":{"line":304,"column":32}},"180":{"start":{"line":305,"column":4},"end":{"line":305,"column":32}},"181":{"start":{"line":307,"column":2},"end":{"line":307,"column":17}},"182":{"start":{"line":308,"column":2},"end":{"line":308,"column":22}},"183":{"start":{"line":310,"column":2},"end":{"line":310,"column":34}},"184":{"start":{"line":310,"column":11},"end":{"line":310,"column":34}},"185":{"start":{"line":311,"column":2},"end":{"line":311,"column":20}},"186":{"start":{"line":314,"column":0},"end":{"line":347,"column":1}},"187":{"start":{"line":315,"column":2},"end":{"line":315,"column":17}},"188":{"start":{"line":316,"column":2},"end":{"line":321,"column":3}},"189":{"start":{"line":320,"column":4},"end":{"line":320,"column":87}},"190":{"start":{"line":323,"column":2},"end":{"line":323,"column":31}},"191":{"start":{"line":324,"column":2},"end":{"line":324,"column":42}},"192":{"start":{"line":326,"column":2},"end":{"line":328,"column":3}},"193":{"start":{"line":327,"column":4},"end":{"line":327,"column":66}},"194":{"start":{"line":330,"column":2},"end":{"line":330,"column":40}},"195":{"start":{"line":332,"column":2},"end":{"line":334,"column":3}},"196":{"start":{"line":333,"column":4},"end":{"line":333,"column":33}},"197":{"start":{"line":335,"column":2},"end":{"line":337,"column":3}},"198":{"start":{"line":336,"column":4},"end":{"line":336,"column":38}},"199":{"start":{"line":338,"column":2},"end":{"line":340,"column":3}},"200":{"start":{"line":339,"column":4},"end":{"line":339,"column":25}},"201":{"start":{"line":341,"column":2},"end":{"line":343,"column":3}},"202":{"start":{"line":342,"column":4},"end":{"line":342,"column":26}},"203":{"start":{"line":344,"column":2},"end":{"line":346,"column":3}},"204":{"start":{"line":345,"column":4},"end":{"line":345,"column":22}},"205":{"start":{"line":349,"column":0},"end":{"line":349,"column":37}},"206":{"start":{"line":351,"column":0},"end":{"line":372,"column":1}},"207":{"start":{"line":352,"column":2},"end":{"line":352,"column":17}},"208":{"start":{"line":353,"column":2},"end":{"line":353,"column":82}},"209":{"start":{"line":353,"column":22},"end":{"line":353,"column":82}},"210":{"start":{"line":355,"column":2},"end":{"line":371,"column":3}},"211":{"start":{"line":356,"column":4},"end":{"line":360,"column":5}},"212":{"start":{"line":357,"column":6},"end":{"line":357,"column":22}},"213":{"start":{"line":359,"column":6},"end":{"line":359,"column":31}},"214":{"start":{"line":361,"column":4},"end":{"line":366,"column":5}},"215":{"start":{"line":362,"column":6},"end":{"line":362,"column":88}},"216":{"start":{"line":363,"column":6},"end":{"line":363,"column":19}},"217":{"start":{"line":365,"column":6},"end":{"line":365,"column":14}},"218":{"start":{"line":368,"column":4},"end":{"line":368,"column":39}},"219":{"start":{"line":369,"column":4},
[...]
', err && (err.message || err))","","  self.readable = self.writable = false","","  if (!self._readableState.ended) self.push(null)","  if (!self._writableState.finished) self.end()","","  self.destroyed = true","  self.connected = false","  self._pcReady = false","  self._channelReady = false","  self._previousStreams = null","","  clearInterval(self._interval)","  clearTimeout(self._reconnectTimeout)","  self._interval = null","  self._reconnectTimeout = null","  self._chunk = null","  self._cb = null","","  if (self._onFinishBound) self.removeListener('finish', self._onFinishBound)","  self._onFinishBound = null","","  if (self._pc) {","    try {","      self._pc.close()","    } catch (err) {}","","    self._pc.oniceconnectionstatechange = null","    self._pc.onicegatheringstatechange = null","    self._pc.onsignalingstatechange = null","    self._pc.onicecandidate = null","    if ('addTrack' in self._pc) {","      self._pc.ontrack = null","    } else {","      self._pc.onaddstream = null","    }","    self._pc.onnegotiationneeded = null","    self._pc.ondatachannel = null","  }","","  if (self._channel) {","    try {","      self._channel.close()","    } catch (err) {}","","    self._channel.onmessage = null","    self._channel.onopen = null","    self._channel.onclose = null","    self._channel.onerror = null","  }","  self._pc = null","  self._channel = null","","  if (err) self.emit('error', err)","  self.emit('close')","}","","Peer.prototype._setupData = function (event) {","  var self = this","  if (!event.channel) {","    // In some situations `pc.createDataChannel()` returns `undefined` (in wrtc),","    // which is invalid behavior. Handle it gracefully.","    // See: https://github.com/feross/simple-peer/issues/163","    return self._destroy(new Error('Data channel event is missing `channel` property'))","  }","","  self._channel = event.channel","  self._channel.binaryType = 'arraybuffer'","","  if (typeof self._channel.bufferedAmountLowThreshold === 'number') {","    self._channel.bufferedAmountLowThreshold = MAX_BUFFERED_AMOUNT","  }","","  self.channelName = self._channel.label","","  self._channel.onmessage = function (event) {","    self._onChannelMessage(event)","  }","  self._channel.onbufferedamountlow = function () {","    self._onChannelBufferedAmountLow()","  }","  self._channel.onopen = function () {","    self._onChannelOpen()","  }","  self._channel.onclose = function () {","    self._onChannelClose()","  }","  self._channel.onerror = function (err) {","    self._destroy(err)","  }","}","","Peer.prototype._read = function () {}","","Peer.prototype._write = function (chunk, encoding, cb) {","  var self = this","  if (self.destroyed) return cb(new Error('cannot write after peer is destroyed'))","","  if (self.connected) {","    try {","      self.send(chunk)","    } catch (err) {","      return self._destroy(err)","    }","    if (self._channel.bufferedAmount > MAX_BUFFERED_AMOUNT) {","      self._debug('start backpressure: bufferedAmount %d', self._channel.bufferedAmount)","      self._cb = cb","    } else {","      cb(null)","    }","  } else {","    self._debug('write before connect')","    self._chunk = chunk","    self._cb = cb","  }","}","","// When stream finishes writing, close socket. Half open connections are not","// supported.","Peer.prototype._onFinish = function () {","  var self = this","  if (self.destroyed) return","","  if (self.connected) {","    destroySoon()","  } else {","    self.once('connect', destroySoon)","  }","","  // Wait a bit before destroying so the socket flushes.","  // TODO: is there a more reliable way to accomplish this?","  function destroySoon () {","    setTimeout(function () {","      self._destroy()","    }, 1000)","  }","}","","Peer.prototype._createOffer = function () {","  var self = this","  if (self.destroyed) return","","  self._pc.createOffer(function (offer) {","    if (self.destroyed) return","    offer.sdp = self.sdpTransform(offer.sdp)","    self._pc.setLocalDescription(offer, onSuccess, onError)","","    function onSuccess () {","      if (self.destroyed) return","      if (self.trickle || self._iceComplete) sendOffer()","      else self.once('_iceComplete', sendOffer) // wait for candidates","    }","","    function onError (err) {","      self._destroy(err)","    }","","    function sendOffer () {","      var signal = self._pc.localDescription || offer","      self._debug('signal')","      self.emit('signal', {","        type: signal.type,","        sdp: signal.sdp","      })","    }","  }, function (err) { self._destroy(err) }, self.offerConstraints)","}","","Peer.prototype._createAnswer = function () {","  var self = this","  if (self.destroyed) return","","  self._pc.createAnswer(function (answer) {","    if (self.destroyed) return","    answer.sdp = self.sdpTransform(answer.sdp)","    self._pc.setLocalDescription(answer, onSuccess, onError)","","    function onSuccess () {","      if (self.destroyed) return","      if (self.trickle || self._iceComplete) sendAnswer()","      else self.once('_iceComplete', sendAnswer)","    }","","    function onError (err) {","      self._destroy(err)","    }","","    function sendAnswer () {","      var signal = self._pc.localDescription || answer","      self._debug('signal')","      self.emit('signal', {","        type: signal.type,","        sdp: signal.sdp","      })","    }","  }, function (err) { self._destroy(err) }, self.answerConstraints)","}","","Peer.prototype._onIceStateChange = function () {","  var self = this","  if (self.destroyed) return","  var iceConnectionState = self._pc.iceConnectionState","  var iceGatheringState = self._pc.iceGatheringState","","  self._debug(","    'iceStateChange (connection: %s) (gathering: %s)',","    iceConnectionState,","    iceGatheringState","  )","  self.emit('iceStateChange', iceConnectionState, iceGatheringState)","","  if (iceConnectionState === 'connected' || iceConnectionState === 'completed') {","    clearTimeout(self._reconnectTimeout)","    self._pcReady = true","    self._maybeReady()","  }","  if (iceConnectionState === 'disconnected') {","    if (self.reconnectTimer) {","      // If user has set `opt.reconnectTimer`, allow time for ICE to attempt a reconnect","      clearTimeout(self._reconnectTimeout)","      self._reconnectTimeout = setTimeout(function () {","        self._destroy()","      }, self.reconnectTimer)","    } else {","      self._destroy()","    }","  }","  if (iceConnectionState === 'failed') {","    self._destroy(new Error('Ice connection failed.'))","  }","  if (iceConnectionState === 'closed') {","    self._destroy()","  }","}","","Peer.prototype.getStats = function (cb) {","  var self = this","","  // Promise-based getStats() (standard)","  if (self._pc.getStats.length === 0) {","    self._pc.getStats().then(function (res) {","      var reports = []","      res.forEach(function (report) {","        reports.push(report)","      })","      cb(null, reports)","    }, function (err) { cb(err) })","","  // Two-parameter callback-based getStats() (deprecated, former standard)","  } else if (self._isReactNativeWebrtc) {","    self._pc.getStats(null, function (res) {","      var reports = []","      res.forEach(function (report) {","        reports.push(report)","      })","      cb(null, reports)","    }, function (err) { cb(err) })","","  // Single-parameter callback-based getStats() (non-standard)","  } else if (self._pc.getStats.length > 0) {","    self._pc.getStats(function (res) {","      var reports = []","      res.result().forEach(function (result) {","        var report = {}","        result.names().forEach(function (name) {","          report[name] = result.stat(name)","        })","        report.id = result.id","        report.type = result.type","        report.timestamp = result.timestamp","        reports.push(report)","      })","      cb(null, reports)","    }, function (err) { cb(err) })","","  // Unknown browser, skip getStats() since it's anyone's guess which style of","  // getStats() they implement.","  } else {","    cb(null, [])","  }","}","","Peer.prototype._maybeReady = function () {","  var self = this","  self._debug('maybeReady pc %s channel %s', self._pcReady, self._channelReady)","  if (self.connected || self._connecting || !self._pcReady || !self._channelReady) return","  self._connecting = true","","  self.getStats(function (err, items) {","    if (self.destroyed) return","","    // Treat getStats error as non-fatal. It's not essential.","    if (err) items = []","","    self._connecting = false","    self.connected = true","","    var remoteCandidates = {}","    var localCandidates = {}","    var candidatePairs = {}","","    items.forEach(function (item) {","      // TODO: Once all browsers support the hyphenated stats report types, remove","      // the non-hypenated ones","      if (item.type === 'remotecandidate' || item.type === 'remote-candidate') {","        remoteCandidates[item.id] = item","      }","      if (item.type === 'localcandidate' || item.type === 'local-candidate') {","        localCandidates[item.id] = item","      }","      if (item.type === 'candidatepair' || item.type === 'candidate-pair') {","        candidatePairs[item.id] = item","      }","    })","","    items.forEach(function (item) {","      // Spec-compliant","      if (item.type === 'transport') {","        setSelectedCandidatePair(candidatePairs[item.selectedCandidatePairId])","      }","","      // Old implementations","      if (","        (item.type === 'googCandidatePair' && item.googActiveConnection === 'true') ||","        ((item.type === 'candidatepair' || item.type === 'candidate-pair') && item.selected)","      ) {","        setSelectedCandidatePair(item)","      }","    })","","    function setSelectedCandidatePair (selectedCandidatePair) {","      var local = localCandidates[selectedCandidatePair.localCandidateId]","","      if (local && local.ip) {","        // Spec","        self.localAddress = local.ip","        self.localPort = Number(local.port)","      } else if (local && local.ipAddress) {","        // Firefox","        self.localAddress = local.ipAddress","        self.localPort = Number(local.portNumber)","      } else if (typeof selectedCandidatePair.googLocalAddress === 'string') {","        // TODO: remove this once Chrome 58 is released","        local = selectedCandidatePair.googLocalAddress.split(':')","        self.localAddress = local[0]","        self.localPort = Number(local[1])","      }","","      var remote = remoteCandidates[selectedCandidatePair.remoteCandidateId]","","      if (remote && remote.ip) {","        // Spec","        self.remoteAddress = remote.ip","        self.remotePort = Number(remote.port)","      } else if (remote && remote.ipAddress) {","        // Firefox","        self.remoteAddress = remote.ipAddress","        self.remotePort = Number(remote.portNumber)","      } else if (typeof selectedCandidatePair.googRemoteAddress === 'string') {","        // TODO: remove this once Chrome 58 is released","        remote = selectedCandidatePair.googRemoteAddress.split(':')","        self.remoteAddress = remote[0]","        self.remotePort = Number(remote[1])","      }","      self.remoteFamily = 'IPv4'","","      self._debug(","        'connect local: %s:%s remote: %s:%s',","        self.localAddress, self.localPort, self.remoteAddress, self.remotePort","      )","    }","","    if (self._chunk) {","      try {","        self.send(self._chunk)","      } catch (err) {","        return self._destroy(err)","      }","      self._chunk = null","      self._debug('sent chunk from \"write before connect\"')","","      var cb = self._cb","      self._cb = null","      cb(null)","    }","","    // If `bufferedAmountLowThreshold` and 'onbufferedamountlow' are unsupported,","    // fallback to using setInterval to implement backpressure.","    if (typeof self._channel.bufferedAmountLowThreshold !== 'number') {","      self._interval = setInterval(function () { self._onInterval() }, 150)","      if (self._interval.unref) self._interval.unref()","    }","","    self._debug('connect')","    self.emit('connect')","  })","}","","Peer.prototype._onInterval = function () {","  if (!this._cb || !this._channel || this._channel.bufferedAmount > MAX_BUFFERED_AMOUNT) {","    return","  }","  this._onChannelBufferedAmountLow()","}","","Peer.prototype._onSignalingStateChange = function () {","  var self = this","  if (self.destroyed) return","  self._debug('signalingStateChange %s', self._pc.signalingState)","  self.emit('signalingStateChange', self._pc.signalingState)","}","","Peer.prototype._onIceCandidate = function (event) {","  var self = this","  if (self.destroyed) return","  if (event.candidate && self.trickle) {","    self.emit('signal', {","      candidate: {","        candidate: event.candidate.candidate,","        sdpMLineIndex: event.candidate.sdpMLineIndex,","        sdpMid: event.candidate.sdpMid","      }","    })","  } else if (!event.candidate) {","    self._iceComplete = true","    self.emit('_iceComplete')","  }","}","","Peer.prototype._onChannelMessage = function (event) {","  var self = this","  if (self.destroyed) return","  var data = event.data","  if (data instanceof ArrayBuffer) data = Buffer.from(data)","  self.push(data)","}","","Peer.prototype._onChannelBufferedAmountLow = function () {","  var self = this","  if (self.destroyed || !self._cb) return","  self._debug('ending backpressure: bufferedAmount %d', self._channel.bufferedAmount)","  var cb = self._cb","  self._cb = null","  cb(null)","}","","Peer.prototype._onChannelOpen = function () {","  var self = this","  if (self.connected || self.destroyed) return","  self._debug('on channel open')","  self._channelReady = true","  self._maybeReady()","}","","Peer.prototype._onChannelClose = function () {","  var self = this","  if (self.destroyed) return","  self._debug('on channel close')","  self._destroy()","}","","Peer.prototype._onAddStream = function (event) {","  var self = this","  if (self.destroyed) return","  self._debug('on add stream')","  self.emit('stream', event.stream)","}","","Peer.prototype._onTrack = function (event) {","  var self = this","  if (self.destroyed) return","  self._debug('on track')","  var id = event.streams[0].id","  if (self._previousStreams.indexOf(id) !== -1) return // Only fire one 'stream' event, even though there may be multiple tracks per stream","  self._previousStreams.push(id)","  self.emit('stream', event.streams[0])","}","","Peer.prototype._debug = function () {","  var self = this","  var args = [].slice.call(arguments)","  args[0] = '[' + self._id + '] ' + args[0]","  debug.apply(null, args)","}","","// Transform constraints objects into the new format (unless Chromium)","// TODO: This can be removed when Chromium supports the new format","Peer.prototype._transformConstraints = function (constraints) {","  var self = this","","  if (Object.keys(constraints).length === 0) {","    return constraints","  }","","  if ((constraints.mandatory || constraints.optional) && !self._isChromium) {","    // convert to new format","","    // Merge mandatory and optional objects, prioritizing mandatory","    var newConstraints = Object.assign({}, constraints.optional, constraints.mandatory)","","    // fix casing","    if (newConstraints.OfferToReceiveVideo !== undefined) {","      newConstraints.offerToReceiveVideo = newConstraints.OfferToReceiveVideo","      delete newConstraints['OfferToReceiveVideo']","    }","","    if (newConstraints.OfferToReceiveAudio !== undefined) {","      newConstraints.offerToReceiveAudio = newConstraints.OfferToReceiveAudio","      delete newConstraints['OfferToReceiveAudio']","    }","","    return newConstraints","  } else if (!constraints.mandatory && !constraints.optional && self._isChromium) {","    // convert to old format","","    // fix casing","    if (constraints.offerToReceiveVideo !== undefined) {","      constraints.OfferToReceiveVideo = constraints.offerToReceiveVideo","      delete constraints['offerToReceiveVideo']","    }","","    if (constraints.offerToReceiveAudio !== undefined) {","      constraints.OfferToReceiveAudio = constraints.offerToReceiveAudio","      delete constraints['offerToReceiveAudio']","    }","","    return {","      mandatory: constraints // NOTE: All constraints are upgraded to mandatory","    }","  }","","  return constraints","}","","function noop () {}",""],"l":{"1":1,"3":1,"4":1,"5":1,"6":1,"7":1,"9":1,"11":1,"18":1,"19":0,"20":0,"22":0,"23":0,"25":0,"29":0,"31":0,"36":0,"38":0,"39":0,"40":0,"41":0,"42":0,"43":0,"44":0,"45":0,"46":0,"47":0,"49":0,"50":0,"52":0,"53":0,"54":0,"55":0,"56":0,"58":0,"62":0,"63":0,"64":0,"66":0,"70":0,"71":0,"72":0,"73":0,"74":0,"75":0,"77":0,"78":0,"79":0,"80":0,"82":0,"86":0,"87":0,"89":0,"90":0,"92":0,"93":0,"95":0,"96":0,"98":0,"99":0,"107":0,"108":0,"109":0,"110":0,"111":0,"114":0,"118":0,"119":0,"123":0,"125":0,"126":0,"127":0,"130":0,"131":0,"135":0,"136":0,"137":0,"142":0,"143":0,"146":0,"147":0,"149":0,"152":1,"159":1,"169":1,"170":1,"172":1,"174":0,"175":0,"179":1,"180":0,"181":0,"184":1,"185":0,"186":0,"187":0,"188":0,"189":0,"191":0,"194":0,"196":0,"197":0,"198":0,"200":0,"201":0,"202":0,"204":0,"205":0,"207":0,"209":0,"210":0,"212":0,"213":0,"217":1,"218":0,"219":0,"220":0,"223":0,"226":0,"234":1,"235":0,"239":0,"240":0,"243":0,"246":1,"247":0,"248":0,"251":1,"252":0,"253":0,"254":0,"256":0,"258":0,"260":0,"261":0,"263":0,"264":0,"265":0,"266":0,"267":0,"269":0,"270":0,"271":0,"272":0,"273":0,"274":0,"276":0,"277":0,"279":0,"280":0,"281":0,"284":0,"285":0,"286":0,"287":0,"288":0,"289":0,"291":0,"293":0,"294":0,"297":0,"298":0,"299":0,"302":0,"303":0,"304":0,"305":0,"307":0,"308":0,"310":0,"311":0,"314":1,"315":0,"316":0,"320":0,"323":0,"324":0,"326":0,"327":0,"330":0,"332":0,"333":0,"335":0,"336":0,"338":0,"339":0,"341":0,"342":0,"344":0,"345":0,"349":1,"351":1,"352":0,"353":0,"355":0,"356":0,"357":0,"359":0,"361":0,"362":0,"363":0,"365":0,"368":0,"369":0,"370":0,"376":1,"377":0,"378":0,"380":0,"381":0,"383":0,"388":1,"389":0,"390":0,"395":1,"396":0,"397":0,"399":0,"400":0,"401":0,"402":0,"404":1,"405":0,"406":0,"407":0,"410":1,"411":0,"414":1,"415":0,"416":0,"417":0,"422":0,"425":1,"426":0,"427":0,"429":0,"430":0,"431":0,"432":0,"434":1,"435":0,"436":0,"437":0,"440":1,"441":0,"444":1,"445":0,"446":0,"447":0,"452":0,"455":1,"456":0,"457":0,"458":0,"459":0,"461":0,"466":0,"468":0,"469":0,"470":0,"471":0,"473":0,"474":0,"476":0,"477":0,"478":0,"481":0,"484":0,"485":0,"487":0,"488":0,"492":1,"493":0,"496":0,"497":0,"498":0,"499":0,"500":0,"502":0,"503":0,"506":0,"507":0,"508":0,"509":0,"510":0,"512":0,"513":0,"516":0,"517":0,"518":0,"519":0,"520":0,"521":0,"522":0,"524":0,"525":0,"526":0,"527":0,"529":0,"530":0,"535":0,"539":1,"540":0,"541":0,"542":0,"543":0,"545":0,"546":0,"549":0,"551":0,"552":0,"554":0,"555":0,"556":0,"558":0,"561":0,"562":0,"564":0,"565":0,"567":0,"568":0,"572":0,"574":0,"575":0,"579":0,"583":0,"587":1,"588":0,"590":0,"592":0,"593":0,"594":0,"596":0,"597":0,"598":0,"600":0,"601":0,"602":0,"605":0,"607":0,"609":0,"610":0,"611":0,"613":0,"614":0,"615":0,"617":0,"618":0,"619":0,"621":0,"623":0,"629":0,"630":0,"631":0,"633":0,"635":0,"636":0,"638":0,"639":0,"640":0,"645":0,"646":0,"647":0,"650":0,"651":0,"655":1,"656":0,"657":0,"659":0,"662":1,"663":0,"664":0,"665":0,"666":0,"669":1,"670":0,"671":0,"672":0,"673":0,"680":0,"681":0,"682":0,"686":1,"687":0,"688":0,"689":0,"690":0,"691":0,"694":1,"695":0,"696":0,"697":0,"698":0,"699":0,"700":0,"703":1,"704":0,"705":0,"706":0,"707":0,"708":0,"711":1,"712":0,"713":0,"714":0,"715":0,"718":1,"719":0,"720":0,"721":0,"722":0,"725":1,"726":0,"727":0,"728":0,"729":0,"730":0,"731":0,"732":0,"735":1,"736":0,"737":0,"738":0,"739":0,"744":1,"745":0,"747":0,"748":0,"751":0,"755":0,"758":0,"759":0,"760":0,"763":0,"764":0,"765":0,"768":0,"769":0,"773":0,"774":0,"775":0,"778":0,"779":0,"780":0,"783":0,"788":0,"791":1}}}